#
# There is insufficient memory for the Java Runtime Environment to continue.
# Native memory allocation (malloc) failed to allocate 950496 bytes for Chunk::new
# Possible reasons:
#   The system is out of physical RAM or swap space
#   The process is running with CompressedOops enabled, and the Java Heap may be blocking the growth of the native heap
# Possible solutions:
#   Reduce memory load on the system
#   Increase physical memory or swap space
#   Check if swap backing store is full
#   Decrease Java heap size (-Xmx/-Xms)
#   Decrease number of Java threads
#   Decrease Java thread stack sizes (-Xss)
#   Set larger code cache with -XX:ReservedCodeCacheSize=
#   JVM is running with Unscaled Compressed Oops mode in which the Java heap is
#     placed in the first 4GB address space. The Java Heap base address is the
#     maximum limit for the native heap growth. Please use -XX:HeapBaseMinAddress
#     to set the Java Heap base and to place the Java Heap above 4GB virtual address.
# This output file may be truncated or incomplete.
#
#  Out of Memory Error (src/hotspot/share/memory/arena.cpp:197), pid=2024, tid=15356
#
# JRE version: OpenJDK Runtime Environment (11.0.15) (build 11.0.15+0-b2043.56-9505619)
# Java VM: OpenJDK 64-Bit Server VM (11.0.15+0-b2043.56-9505619, mixed mode, tiered, compressed oops, g1 gc, windows-amd64)
# No core dump will be written. Minidumps are not enabled by default on client versions of Windows
#

---------------  S U M M A R Y ------------

Command Line: --add-opens=java.base/java.util=ALL-UNNAMED --add-opens=java.base/java.lang=ALL-UNNAMED --add-opens=java.base/java.lang.invoke=ALL-UNNAMED --add-opens=java.base/java.util=ALL-UNNAMED --add-opens=java.prefs/java.util.prefs=ALL-UNNAMED --add-opens=java.prefs/java.util.prefs=ALL-UNNAMED --add-opens=java.base/java.nio.charset=ALL-UNNAMED --add-opens=java.base/java.net=ALL-UNNAMED --add-opens=java.base/java.util.concurrent.atomic=ALL-UNNAMED -Xmx2048m -Dfile.encoding=UTF-8 -Duser.country=US -Duser.language=en -Duser.variant org.gradle.launcher.daemon.bootstrap.GradleDaemon 7.5

Host: AMD Ryzen 3 3200G with Radeon Vega Graphics    , 4 cores, 15G,  Windows 10 , 64 bit Build 19041 (10.0.19041.2546)
Time: Tue Apr  4 01:34:50 2023 SA Western Standard Time elapsed time: 6182.070479 seconds (0d 1h 43m 2s)

---------------  T H R E A D  ---------------

Current thread (0x00000237552df800):  JavaThread "C2 CompilerThread0" daemon [_thread_in_native, id=15356, stack(0x0000008af0e00000,0x0000008af0f00000)]


Current CompileTask:
C2:6182070 21766       4       org.apache.xerces.impl.XMLNSDocumentScannerImpl::scanStartElement (873 bytes)

Stack: [0x0000008af0e00000,0x0000008af0f00000]
Native frames: (J=compiled Java code, j=interpreted, Vv=VM code, C=native code)
V  [jvm.dll+0x64135a]
V  [jvm.dll+0x7d39f9]
V  [jvm.dll+0x7d51b9]
V  [jvm.dll+0x7d58a3]
V  [jvm.dll+0x2691c5]
V  [jvm.dll+0xc1a5c]
V  [jvm.dll+0xc200c]
V  [jvm.dll+0x2da2c2]
V  [jvm.dll+0x54cad9]
V  [jvm.dll+0x220c9d]
V  [jvm.dll+0x223261]
V  [jvm.dll+0x220384]
V  [jvm.dll+0x19e851]
V  [jvm.dll+0x230479]
V  [jvm.dll+0x22e5ef]
V  [jvm.dll+0x794de1]
V  [jvm.dll+0x78dc24]
V  [jvm.dll+0x6400f6]
C  [ucrtbase.dll+0x21bb2]
C  [KERNEL32.DLL+0x17614]
C  [ntdll.dll+0x526a1]


---------------  P R O C E S S  ---------------

Threads class SMR info:
_java_thread_list=0x000002375e48aed0, length=86, elements={
0x000002373ad97800, 0x0000023755285000, 0x0000023755290000, 0x00000237552d4800,
0x00000237552d6000, 0x00000237552da000, 0x00000237552df800, 0x00000237549ef000,
0x00000237549fc000, 0x00000237552da800, 0x00000237552db800, 0x00000237552d8000,
0x00000237552d9000, 0x000002375755f800, 0x000002375755f000, 0x0000023757560800,
0x000002375755b000, 0x0000023757561800, 0x0000023757562000, 0x000002375755c800,
0x0000023757567000, 0x0000023757563000, 0x0000023757564000, 0x0000023757568000,
0x000002375add9000, 0x000002375add4000, 0x000002375add0000, 0x000002375add3800,
0x000002375adcf000, 0x000002375add2800, 0x000002375adce800, 0x000002375add6000,
0x000002375add6800, 0x000002375add1000, 0x000002375add7800, 0x000002375add1800,
0x000002375addd000, 0x000002375add8000, 0x000002375adda000, 0x000002375adda800,
0x000002375addb800, 0x000002375addc800, 0x000002375755b800, 0x000002375755d000,
0x000002375755e000, 0x0000023757568800, 0x0000023757569800, 0x0000023757564800,
0x0000023757565800, 0x000002375d3ef800, 0x000002375d3f0000, 0x000002375d3f1000,
0x000002375d3f1800, 0x000002375d3f2800, 0x000002375d3ed000, 0x000002375d3f3800,
0x00000237552dd000, 0x00000237552dc000, 0x00000237552d7800, 0x00000237552de000,
0x000002375a435800, 0x000002375a436000, 0x000002375a437000, 0x000002375a434800,
0x000002375a438000, 0x000002375a438800, 0x000002375a433800, 0x000002375a433000,
0x000002375a439800, 0x000002375a43c800, 0x000002375a440000, 0x000002375a43b000,
0x000002375a43e800, 0x000002375a43a800, 0x000002375a43f000, 0x000002375a441000,
0x000002375a441800, 0x000002375a43c000, 0x000002375a43d800, 0x0000023759ebb800,
0x0000023759eb9000, 0x0000023759ebc800, 0x0000023759ebd000, 0x0000023759ebe000,
0x0000023759eb8000, 0x000002375e32f000
}

Java Threads: ( => current thread )
  0x000002373ad97800 JavaThread "main" [_thread_blocked, id=35168, stack(0x0000008af0200000,0x0000008af0300000)]
  0x0000023755285000 JavaThread "Reference Handler" daemon [_thread_blocked, id=5656, stack(0x0000008af0900000,0x0000008af0a00000)]
  0x0000023755290000 JavaThread "Finalizer" daemon [_thread_blocked, id=1944, stack(0x0000008af0a00000,0x0000008af0b00000)]
  0x00000237552d4800 JavaThread "Signal Dispatcher" daemon [_thread_blocked, id=30616, stack(0x0000008af0b00000,0x0000008af0c00000)]
  0x00000237552d6000 JavaThread "Attach Listener" daemon [_thread_blocked, id=36000, stack(0x0000008af0c00000,0x0000008af0d00000)]
  0x00000237552da000 JavaThread "Service Thread" daemon [_thread_blocked, id=19728, stack(0x0000008af0d00000,0x0000008af0e00000)]
=>0x00000237552df800 JavaThread "C2 CompilerThread0" daemon [_thread_in_native, id=15356, stack(0x0000008af0e00000,0x0000008af0f00000)]
  0x00000237549ef000 JavaThread "C1 CompilerThread0" daemon [_thread_blocked, id=23364, stack(0x0000008af0f00000,0x0000008af1000000)]
  0x00000237549fc000 JavaThread "Sweeper thread" daemon [_thread_blocked, id=1336, stack(0x0000008af1000000,0x0000008af1100000)]
  0x00000237552da800 JavaThread "Common-Cleaner" daemon [_thread_blocked, id=26204, stack(0x0000008af1100000,0x0000008af1200000)]
  0x00000237552db800 JavaThread "Daemon health stats" [_thread_blocked, id=12624, stack(0x0000008af1300000,0x0000008af1400000)]
  0x00000237552d8000 JavaThread "Incoming local TCP Connector on port 61333" [_thread_in_native, id=27616, stack(0x0000008af1700000,0x0000008af1800000)]
  0x00000237552d9000 JavaThread "Daemon periodic checks" [_thread_blocked, id=5536, stack(0x0000008af1800000,0x0000008af1900000)]
  0x000002375755f800 JavaThread "Cache worker for journal cache (D:\Emulator\caches\journal-1)" [_thread_blocked, id=6424, stack(0x0000008af2000000,0x0000008af2100000)]
  0x000002375755f000 JavaThread "File lock request listener" [_thread_in_native, id=36792, stack(0x0000008af2100000,0x0000008af2200000)]
  0x0000023757560800 JavaThread "Cache worker for file hash cache (D:\Emulator\caches\7.5\fileHashes)" [_thread_blocked, id=32940, stack(0x0000008af2200000,0x0000008af2300000)]
  0x000002375755b000 JavaThread "File watcher server" daemon [_thread_in_native, id=33104, stack(0x0000008af2400000,0x0000008af2500000)]
  0x0000023757561800 JavaThread "File watcher consumer" daemon [_thread_blocked, id=25716, stack(0x0000008af2500000,0x0000008af2600000)]
  0x0000023757562000 JavaThread "jar transforms" [_thread_blocked, id=22588, stack(0x0000008af2600000,0x0000008af2700000)]
  0x000002375755c800 JavaThread "jar transforms Thread 2" [_thread_blocked, id=28440, stack(0x0000008af2700000,0x0000008af2800000)]
  0x0000023757567000 JavaThread "jar transforms Thread 3" [_thread_blocked, id=35448, stack(0x0000008af2800000,0x0000008af2900000)]
  0x0000023757563000 JavaThread "jar transforms Thread 4" [_thread_blocked, id=10596, stack(0x0000008af2900000,0x0000008af2a00000)]
  0x0000023757564000 JavaThread "Cache worker for file content cache (D:\Emulator\caches\7.5\fileContent)" [_thread_blocked, id=25436, stack(0x0000008af2b00000,0x0000008af2c00000)]
  0x0000023757568000 JavaThread "Cache worker for execution history cache (D:\Emulator\caches\7.5\executionHistory)" [_thread_blocked, id=15476, stack(0x0000008af2e00000,0x0000008af2f00000)]
  0x000002375add9000 JavaThread "Memory manager" [_thread_blocked, id=35480, stack(0x0000008af5b00000,0x0000008af5c00000)]
  0x000002375add4000 JavaThread "Daemon Thread 5" [_thread_blocked, id=7504, stack(0x0000008af0000000,0x0000008af0100000)]
  0x000002375add0000 JavaThread "Handler for socket connection from /127.0.0.1:61333 to /127.0.0.1:64965" [_thread_in_native, id=27440, stack(0x0000008af0100000,0x0000008af0200000)]
  0x000002375add3800 JavaThread "Cancel handler" [_thread_blocked, id=32080, stack(0x0000008af1900000,0x0000008af1a00000)]
  0x000002375adcf000 JavaThread "Daemon worker Thread 4" [_thread_blocked, id=384, stack(0x0000008af1a00000,0x0000008af1b00000)]
  0x000002375add2800 JavaThread "Asynchronous log dispatcher for DefaultDaemonConnection: socket connection from /127.0.0.1:61333 to /127.0.0.1:64965" [_thread_blocked, id=31260, stack(0x0000008af1b00000,0x0000008af1c00000)]
  0x000002375adce800 JavaThread "Stdin handler" [_thread_blocked, id=29600, stack(0x0000008af1c00000,0x0000008af1d00000)]
  0x000002375add6000 JavaThread "Daemon client event forwarder" [_thread_blocked, id=29024, stack(0x0000008af1d00000,0x0000008af1e00000)]
  0x000002375add6800 JavaThread "Cache worker for checksums cache (D:\Archivos_programados\AndroidStudio\Clone-Whatsapp\.gradle\7.5\checksums)" [_thread_blocked, id=29568, stack(0x0000008af1e00000,0x0000008af1f00000)]
  0x000002375add1000 JavaThread "Cache worker for cache directory md-rule (D:\Emulator\caches\7.5\md-rule)" [_thread_blocked, id=2040, stack(0x0000008af1f00000,0x0000008af2000000)]
  0x000002375add7800 JavaThread "Cache worker for file hash cache (D:\Archivos_programados\AndroidStudio\Clone-Whatsapp\.gradle\7.5\fileHashes)" [_thread_blocked, id=35780, stack(0x0000008af2300000,0x0000008af2400000)]
  0x000002375add1800 JavaThread "Cache worker for cache directory md-supplier (D:\Emulator\caches\7.5\md-supplier)" [_thread_blocked, id=35360, stack(0x0000008af2a00000,0x0000008af2b00000)]
  0x000002375addd000 JavaThread "Cache worker for dependencies-accessors (D:\Archivos_programados\AndroidStudio\Clone-Whatsapp\.gradle\7.5\dependencies-accessors)" [_thread_blocked, id=34016, stack(0x0000008af2c00000,0x0000008af2d00000)]
  0x000002375add8000 JavaThread "Cache worker for Build Output Cleanup Cache (D:\Archivos_programados\AndroidStudio\Clone-Whatsapp\.gradle\buildOutputCleanup)" [_thread_blocked, id=31768, stack(0x0000008af2d00000,0x0000008af2e00000)]
  0x000002375adda000 JavaThread "Unconstrained build operations" [_thread_blocked, id=30628, stack(0x0000008af2f00000,0x0000008af3000000)]
  0x000002375adda800 JavaThread "Unconstrained build operations Thread 2" [_thread_blocked, id=25512, stack(0x0000008af3000000,0x0000008af3100000)]
  0x000002375addb800 JavaThread "Unconstrained build operations Thread 3" [_thread_blocked, id=6288, stack(0x0000008af3100000,0x0000008af3200000)]
  0x000002375addc800 JavaThread "Unconstrained build operations Thread 4" [_thread_blocked, id=3212, stack(0x0000008af3200000,0x0000008af3300000)]
  0x000002375755b800 JavaThread "Unconstrained build operations Thread 5" [_thread_blocked, id=6160, stack(0x0000008af3300000,0x0000008af3400000)]
  0x000002375755d000 JavaThread "Unconstrained build operations Thread 6" [_thread_blocked, id=32100, stack(0x0000008af3400000,0x0000008af3500000)]
  0x000002375755e000 JavaThread "Unconstrained build operations Thread 7" [_thread_blocked, id=1184, stack(0x0000008af3500000,0x0000008af3600000)]
  0x0000023757568800 JavaThread "Unconstrained build operations Thread 8" [_thread_blocked, id=34756, stack(0x0000008af3600000,0x0000008af3700000)]
  0x0000023757569800 JavaThread "Unconstrained build operations Thread 9" [_thread_blocked, id=29624, stack(0x0000008af3700000,0x0000008af3800000)]
  0x0000023757564800 JavaThread "Unconstrained build operations Thread 10" [_thread_blocked, id=27880, stack(0x0000008af3800000,0x0000008af3900000)]
  0x0000023757565800 JavaThread "Unconstrained build operations Thread 11" [_thread_blocked, id=27064, stack(0x0000008af3900000,0x0000008af3a00000)]
  0x000002375d3ef800 JavaThread "Unconstrained build operations Thread 12" [_thread_blocked, id=29700, stack(0x0000008af3a00000,0x0000008af3b00000)]
  0x000002375d3f0000 JavaThread "Unconstrained build operations Thread 13" [_thread_blocked, id=24564, stack(0x0000008af3b00000,0x0000008af3c00000)]
  0x000002375d3f1000 JavaThread "Unconstrained build operations Thread 14" [_thread_blocked, id=36196, stack(0x0000008af3c00000,0x0000008af3d00000)]
  0x000002375d3f1800 JavaThread "Unconstrained build operations Thread 15" [_thread_blocked, id=35212, stack(0x0000008af3d00000,0x0000008af3e00000)]
  0x000002375d3f2800 JavaThread "Unconstrained build operations Thread 16" [_thread_blocked, id=11792, stack(0x0000008af3e00000,0x0000008af3f00000)]
  0x000002375d3ed000 JavaThread "Unconstrained build operations Thread 17" [_thread_blocked, id=26792, stack(0x0000008af3f00000,0x0000008af4000000)]
  0x000002375d3f3800 JavaThread "Unconstrained build operations Thread 18" [_thread_blocked, id=4488, stack(0x0000008af4000000,0x0000008af4100000)]
  0x00000237552dd000 JavaThread "Unconstrained build operations Thread 19" [_thread_blocked, id=30252, stack(0x0000008af4100000,0x0000008af4200000)]
  0x00000237552dc000 JavaThread "Unconstrained build operations Thread 20" [_thread_blocked, id=33680, stack(0x0000008af4200000,0x0000008af4300000)]
  0x00000237552d7800 JavaThread "Unconstrained build operations Thread 21" [_thread_blocked, id=35688, stack(0x0000008af4300000,0x0000008af4400000)]
  0x00000237552de000 JavaThread "Unconstrained build operations Thread 22" [_thread_blocked, id=34400, stack(0x0000008af4400000,0x0000008af4500000)]
  0x000002375a435800 JavaThread "Unconstrained build operations Thread 23" [_thread_blocked, id=33552, stack(0x0000008af4500000,0x0000008af4600000)]
  0x000002375a436000 JavaThread "Unconstrained build operations Thread 24" [_thread_blocked, id=31428, stack(0x0000008af4600000,0x0000008af4700000)]
  0x000002375a437000 JavaThread "Unconstrained build operations Thread 25" [_thread_blocked, id=30588, stack(0x0000008af4700000,0x0000008af4800000)]
  0x000002375a434800 JavaThread "Unconstrained build operations Thread 26" [_thread_blocked, id=7252, stack(0x0000008af4800000,0x0000008af4900000)]
  0x000002375a438000 JavaThread "Unconstrained build operations Thread 27" [_thread_blocked, id=34308, stack(0x0000008af4900000,0x0000008af4a00000)]
  0x000002375a438800 JavaThread "Unconstrained build operations Thread 28" [_thread_blocked, id=25960, stack(0x0000008af4a00000,0x0000008af4b00000)]
  0x000002375a433800 JavaThread "Unconstrained build operations Thread 29" [_thread_blocked, id=26920, stack(0x0000008af4b00000,0x0000008af4c00000)]
  0x000002375a433000 JavaThread "Unconstrained build operations Thread 30" [_thread_blocked, id=31528, stack(0x0000008af4c00000,0x0000008af4d00000)]
  0x000002375a439800 JavaThread "Unconstrained build operations Thread 31" [_thread_blocked, id=10040, stack(0x0000008af4d00000,0x0000008af4e00000)]
  0x000002375a43c800 JavaThread "Unconstrained build operations Thread 32" [_thread_blocked, id=36128, stack(0x0000008af4e00000,0x0000008af4f00000)]
  0x000002375a440000 JavaThread "Unconstrained build operations Thread 33" [_thread_blocked, id=33752, stack(0x0000008af4f00000,0x0000008af5000000)]
  0x000002375a43b000 JavaThread "Unconstrained build operations Thread 34" [_thread_blocked, id=26712, stack(0x0000008af5000000,0x0000008af5100000)]
  0x000002375a43e800 JavaThread "Unconstrained build operations Thread 35" [_thread_blocked, id=34264, stack(0x0000008af5100000,0x0000008af5200000)]
  0x000002375a43a800 JavaThread "Unconstrained build operations Thread 36" [_thread_blocked, id=23128, stack(0x0000008af5200000,0x0000008af5300000)]
  0x000002375a43f000 JavaThread "Unconstrained build operations Thread 37" [_thread_blocked, id=34600, stack(0x0000008af5300000,0x0000008af5400000)]
  0x000002375a441000 JavaThread "Unconstrained build operations Thread 38" [_thread_blocked, id=34240, stack(0x0000008af5400000,0x0000008af5500000)]
  0x000002375a441800 JavaThread "Unconstrained build operations Thread 39" [_thread_blocked, id=22300, stack(0x0000008af5500000,0x0000008af5600000)]
  0x000002375a43c000 JavaThread "Unconstrained build operations Thread 40" [_thread_blocked, id=16132, stack(0x0000008af5600000,0x0000008af5700000)]
  0x000002375a43d800 JavaThread "build event listener" [_thread_blocked, id=33036, stack(0x0000008af5700000,0x0000008af5800000)]
  0x0000023759ebb800 JavaThread "included builds" [_thread_blocked, id=29200, stack(0x0000008af5900000,0x0000008af5a00000)]
  0x0000023759eb9000 JavaThread "Execution worker" [_thread_blocked, id=27144, stack(0x0000008af5a00000,0x0000008af5b00000)]
  0x0000023759ebc800 JavaThread "Execution worker Thread 2" [_thread_in_native, id=36780, stack(0x0000008af5c00000,0x0000008af5d00000)]
  0x0000023759ebd000 JavaThread "Execution worker Thread 3" [_thread_blocked, id=25748, stack(0x0000008af5d00000,0x0000008af5e00000)]
  0x0000023759ebe000 JavaThread "Cache worker for execution history cache (D:\Archivos_programados\AndroidStudio\Clone-Whatsapp\.gradle\7.5\executionHistory)" [_thread_blocked, id=28940, stack(0x0000008af5e00000,0x0000008af5f00000)]
  0x0000023759eb8000 JavaThread "WorkerExecutor Queue" [_thread_blocked, id=14500, stack(0x0000008af5f00000,0x0000008af6000000)]
  0x000002375e32f000 JavaThread "C2 CompilerThread1" daemon [_thread_in_native, id=27800, stack(0x0000008af5800000,0x0000008af5900000)]

Other Threads:
  0x00000237549e0000 VMThread "VM Thread" [stack: 0x0000008af0800000,0x0000008af0900000] [id=23444]
  0x000002375549f000 WatcherThread [stack: 0x0000008af1200000,0x0000008af1300000] [id=28276]
  0x000002373adaf800 GCTaskThread "GC Thread#0" [stack: 0x0000008af0300000,0x0000008af0400000] [id=2180]
  0x0000023755b13000 GCTaskThread "GC Thread#1" [stack: 0x0000008af1400000,0x0000008af1500000] [id=22332]
  0x0000023755b13800 GCTaskThread "GC Thread#2" [stack: 0x0000008af1500000,0x0000008af1600000] [id=36664]
  0x0000023755c95800 GCTaskThread "GC Thread#3" [stack: 0x0000008af1600000,0x0000008af1700000] [id=5724]
  0x000002373ade2000 ConcurrentGCThread "G1 Main Marker" [stack: 0x0000008af0400000,0x0000008af0500000] [id=35860]
  0x000002373ade3800 ConcurrentGCThread "G1 Conc#0" [stack: 0x0000008af0500000,0x0000008af0600000] [id=2352]
  0x00000237548a9800 ConcurrentGCThread "G1 Refine#0" [stack: 0x0000008af0600000,0x0000008af0700000] [id=5348]
  0x00000237548ab800 ConcurrentGCThread "G1 Young RemSet Sampling" [stack: 0x0000008af0700000,0x0000008af0800000] [id=36496]

Threads with active compile tasks:
C2 CompilerThread0  6182109 21766       4       org.apache.xerces.impl.XMLNSDocumentScannerImpl::scanStartElement (873 bytes)
C2 CompilerThread1  6182109 21784   !   4       com.android.utils.PositionXmlParser$DomBuilder::startElement (272 bytes)

VM state:not at safepoint (normal execution)

VM Mutex/Monitor currently owned by a thread: None

Heap address: 0x0000000080000000, size: 2048 MB, Compressed Oops mode: 32-bit
Narrow klass base: 0x0000000000000000, Narrow klass shift: 3
Compressed class space size: 1073741824 Address: 0x0000000100000000

Heap:
 garbage-first heap   total 262144K, used 214766K [0x0000000080000000, 0x0000000100000000)
  region size 1024K, 25 young (25600K), 1 survivors (1024K)
 Metaspace       used 124032K, capacity 127460K, committed 128296K, reserved 1161216K
  class space    used 15289K, capacity 16548K, committed 16876K, reserved 1048576K
Heap Regions: E=young(eden), S=young(survivor), O=old, HS=humongous(starts), HC=humongous(continues), CS=collection set, F=free, A=archive, TAMS=top-at-mark-start (previous, next)
|   0|0x0000000080000000, 0x0000000080100000, 0x0000000080100000|100%|HS|  |TAMS 0x0000000080100000, 0x0000000080000000| Complete 
|   1|0x0000000080100000, 0x0000000080200000, 0x0000000080200000|100%|HC|  |TAMS 0x0000000080200000, 0x0000000080100000| Complete 
|   2|0x0000000080200000, 0x0000000080300000, 0x0000000080300000|100%|HC|  |TAMS 0x0000000080300000, 0x0000000080200000| Complete 
|   3|0x0000000080300000, 0x0000000080400000, 0x0000000080400000|100%| O|  |TAMS 0x0000000080400000, 0x0000000080300000| Untracked 
|   4|0x0000000080400000, 0x0000000080500000, 0x0000000080500000|100%| O|  |TAMS 0x0000000080500000, 0x0000000080400000| Untracked 
|   5|0x0000000080500000, 0x0000000080600000, 0x0000000080600000|100%| O|  |TAMS 0x0000000080600000, 0x0000000080500000| Untracked 
|   6|0x0000000080600000, 0x0000000080700000, 0x0000000080700000|100%| O|  |TAMS 0x0000000080700000, 0x0000000080600000| Untracked 
|   7|0x0000000080700000, 0x0000000080800000, 0x0000000080800000|100%| O|  |TAMS 0x0000000080800000, 0x0000000080700000| Untracked 
|   8|0x0000000080800000, 0x0000000080900000, 0x0000000080900000|100%| O|  |TAMS 0x0000000080900000, 0x0000000080800000| Untracked 
|   9|0x0000000080900000, 0x0000000080a00000, 0x0000000080a00000|100%| O|  |TAMS 0x0000000080a00000, 0x0000000080900000| Untracked 
|  10|0x0000000080a00000, 0x0000000080b00000, 0x0000000080b00000|100%| O|  |TAMS 0x0000000080b00000, 0x0000000080a00000| Untracked 
|  11|0x0000000080b00000, 0x0000000080c00000, 0x0000000080c00000|100%| O|  |TAMS 0x0000000080c00000, 0x0000000080b00000| Untracked 
|  12|0x0000000080c00000, 0x0000000080d00000, 0x0000000080d00000|100%| O|  |TAMS 0x0000000080d00000, 0x0000000080c00000| Untracked 
|  13|0x0000000080d00000, 0x0000000080e00000, 0x0000000080e00000|100%| O|  |TAMS 0x0000000080e00000, 0x0000000080d00000| Untracked 
|  14|0x0000000080e00000, 0x0000000080f00000, 0x0000000080f00000|100%|HS|  |TAMS 0x0000000080f00000, 0x0000000080e00000| Complete 
|  15|0x0000000080f00000, 0x0000000081000000, 0x0000000081000000|100%|HC|  |TAMS 0x0000000081000000, 0x0000000080f00000| Complete 
|  16|0x0000000081000000, 0x0000000081100000, 0x0000000081100000|100%|HS|  |TAMS 0x0000000081100000, 0x0000000081000000| Complete 
|  17|0x0000000081100000, 0x0000000081200000, 0x0000000081200000|100%|HC|  |TAMS 0x0000000081200000, 0x0000000081100000| Complete 
|  18|0x0000000081200000, 0x0000000081300000, 0x0000000081300000|100%|HC|  |TAMS 0x0000000081300000, 0x0000000081200000| Complete 
|  19|0x0000000081300000, 0x0000000081400000, 0x0000000081400000|100%|HS|  |TAMS 0x0000000081400000, 0x0000000081300000| Complete 
|  20|0x0000000081400000, 0x0000000081500000, 0x0000000081500000|100%|HC|  |TAMS 0x0000000081500000, 0x0000000081400000| Complete 
|  21|0x0000000081500000, 0x0000000081600000, 0x0000000081600000|100%|HC|  |TAMS 0x0000000081600000, 0x0000000081500000| Complete 
|  22|0x0000000081600000, 0x0000000081700000, 0x0000000081700000|100%|HS|  |TAMS 0x0000000081700000, 0x0000000081600000| Complete 
|  23|0x0000000081700000, 0x0000000081800000, 0x0000000081800000|100%|HC|  |TAMS 0x0000000081800000, 0x0000000081700000| Complete 
|  24|0x0000000081800000, 0x0000000081900000, 0x0000000081900000|100%|HS|  |TAMS 0x0000000081900000, 0x0000000081800000| Complete 
|  25|0x0000000081900000, 0x0000000081a00000, 0x0000000081a00000|100%|HC|  |TAMS 0x0000000081a00000, 0x0000000081900000| Complete 
|  26|0x0000000081a00000, 0x0000000081b00000, 0x0000000081b00000|100%|HC|  |TAMS 0x0000000081b00000, 0x0000000081a00000| Complete 
|  27|0x0000000081b00000, 0x0000000081c00000, 0x0000000081c00000|100%|HC|  |TAMS 0x0000000081c00000, 0x0000000081b00000| Complete 
|  28|0x0000000081c00000, 0x0000000081d00000, 0x0000000081d00000|100%|HC|  |TAMS 0x0000000081d00000, 0x0000000081c00000| Complete 
|  29|0x0000000081d00000, 0x0000000081e00000, 0x0000000081e00000|100%|HC|  |TAMS 0x0000000081e00000, 0x0000000081d00000| Complete 
|  30|0x0000000081e00000, 0x0000000081f00000, 0x0000000081f00000|100%|HC|  |TAMS 0x0000000081f00000, 0x0000000081e00000| Complete 
|  31|0x0000000081f00000, 0x0000000082000000, 0x0000000082000000|100%|HC|  |TAMS 0x0000000082000000, 0x0000000081f00000| Complete 
|  32|0x0000000082000000, 0x0000000082100000, 0x0000000082100000|100%|HC|  |TAMS 0x0000000082100000, 0x0000000082000000| Complete 
|  33|0x0000000082100000, 0x0000000082200000, 0x0000000082200000|100%|HC|  |TAMS 0x0000000082200000, 0x0000000082100000| Complete 
|  34|0x0000000082200000, 0x0000000082300000, 0x0000000082300000|100%|HS|  |TAMS 0x0000000082300000, 0x0000000082200000| Complete 
|  35|0x0000000082300000, 0x0000000082400000, 0x0000000082400000|100%|HC|  |TAMS 0x0000000082400000, 0x0000000082300000| Complete 
|  36|0x0000000082400000, 0x0000000082500000, 0x0000000082500000|100%|HS|  |TAMS 0x0000000082500000, 0x0000000082400000| Complete 
|  37|0x0000000082500000, 0x0000000082600000, 0x0000000082600000|100%|HC|  |TAMS 0x0000000082600000, 0x0000000082500000| Complete 
|  38|0x0000000082600000, 0x0000000082700000, 0x0000000082700000|100%|HC|  |TAMS 0x0000000082700000, 0x0000000082600000| Complete 
|  39|0x0000000082700000, 0x0000000082800000, 0x0000000082800000|100%|HC|  |TAMS 0x0000000082800000, 0x0000000082700000| Complete 
|  40|0x0000000082800000, 0x0000000082900000, 0x0000000082900000|100%|HC|  |TAMS 0x0000000082900000, 0x0000000082800000| Complete 
|  41|0x0000000082900000, 0x0000000082900000, 0x0000000082a00000|  0%| F|  |TAMS 0x0000000082900000, 0x0000000082900000| Untracked 
|  42|0x0000000082a00000, 0x0000000082b00000, 0x0000000082b00000|100%| O|  |TAMS 0x0000000082b00000, 0x0000000082a00000| Untracked 
|  43|0x0000000082b00000, 0x0000000082c00000, 0x0000000082c00000|100%| O|  |TAMS 0x0000000082c00000, 0x0000000082b00000| Untracked 
|  44|0x0000000082c00000, 0x0000000082d00000, 0x0000000082d00000|100%|HS|  |TAMS 0x0000000082d00000, 0x0000000082c00000| Complete 
|  45|0x0000000082d00000, 0x0000000082e00000, 0x0000000082e00000|100%|HC|  |TAMS 0x0000000082e00000, 0x0000000082d00000| Complete 
|  46|0x0000000082e00000, 0x0000000082f00000, 0x0000000082f00000|100%|HC|  |TAMS 0x0000000082f00000, 0x0000000082e00000| Complete 
|  47|0x0000000082f00000, 0x0000000083000000, 0x0000000083000000|100%|HC|  |TAMS 0x0000000083000000, 0x0000000082f00000| Complete 
|  48|0x0000000083000000, 0x0000000083100000, 0x0000000083100000|100%|HC|  |TAMS 0x0000000083100000, 0x0000000083000000| Complete 
|  49|0x0000000083100000, 0x0000000083200000, 0x0000000083200000|100%|HC|  |TAMS 0x0000000083200000, 0x0000000083100000| Complete 
|  50|0x0000000083200000, 0x0000000083300000, 0x0000000083300000|100%|HC|  |TAMS 0x0000000083300000, 0x0000000083200000| Complete 
|  51|0x0000000083300000, 0x0000000083400000, 0x0000000083400000|100%|HC|  |TAMS 0x0000000083400000, 0x0000000083300000| Complete 
|  52|0x0000000083400000, 0x0000000083500000, 0x0000000083500000|100%|HC|  |TAMS 0x0000000083500000, 0x0000000083400000| Complete 
|  53|0x0000000083500000, 0x0000000083600000, 0x0000000083600000|100%|HC|  |TAMS 0x0000000083600000, 0x0000000083500000| Complete 
|  54|0x0000000083600000, 0x0000000083700000, 0x0000000083700000|100%|HS|  |TAMS 0x0000000083700000, 0x0000000083600000| Complete 
|  55|0x0000000083700000, 0x0000000083800000, 0x0000000083800000|100%|HC|  |TAMS 0x0000000083800000, 0x0000000083700000| Complete 
|  56|0x0000000083800000, 0x0000000083900000, 0x0000000083900000|100%|HS|  |TAMS 0x0000000083900000, 0x0000000083800000| Complete 
|  57|0x0000000083900000, 0x0000000083a00000, 0x0000000083a00000|100%|HC|  |TAMS 0x0000000083a00000, 0x0000000083900000| Complete 
|  58|0x0000000083a00000, 0x0000000083b00000, 0x0000000083b00000|100%|HS|  |TAMS 0x0000000083b00000, 0x0000000083a00000| Complete 
|  59|0x0000000083b00000, 0x0000000083c00000, 0x0000000083c00000|100%|HC|  |TAMS 0x0000000083c00000, 0x0000000083b00000| Complete 
|  60|0x0000000083c00000, 0x0000000083d00000, 0x0000000083d00000|100%|HC|  |TAMS 0x0000000083d00000, 0x0000000083c00000| Complete 
|  61|0x0000000083d00000, 0x0000000083e00000, 0x0000000083e00000|100%|HS|  |TAMS 0x0000000083e00000, 0x0000000083d00000| Complete 
|  62|0x0000000083e00000, 0x0000000083f00000, 0x0000000083f00000|100%|HC|  |TAMS 0x0000000083f00000, 0x0000000083e00000| Complete 
|  63|0x0000000083f00000, 0x0000000084000000, 0x0000000084000000|100%|HC|  |TAMS 0x0000000084000000, 0x0000000083f00000| Complete 
|  64|0x0000000084000000, 0x0000000084100000, 0x0000000084100000|100%| O|  |TAMS 0x0000000084100000, 0x0000000084000000| Untracked 
|  65|0x0000000084100000, 0x0000000084200000, 0x0000000084200000|100%| O|  |TAMS 0x0000000084200000, 0x0000000084100000| Untracked 
|  66|0x0000000084200000, 0x0000000084300000, 0x0000000084300000|100%| O|  |TAMS 0x0000000084300000, 0x0000000084200000| Untracked 
|  67|0x0000000084300000, 0x0000000084400000, 0x0000000084400000|100%| O|  |TAMS 0x0000000084400000, 0x0000000084300000| Untracked 
|  68|0x0000000084400000, 0x0000000084500000, 0x0000000084500000|100%| O|  |TAMS 0x0000000084500000, 0x0000000084400000| Untracked 
|  69|0x0000000084500000, 0x0000000084600000, 0x0000000084600000|100%| O|  |TAMS 0x0000000084600000, 0x0000000084500000| Untracked 
|  70|0x0000000084600000, 0x0000000084700000, 0x0000000084700000|100%| O|  |TAMS 0x0000000084700000, 0x0000000084600000| Untracked 
|  71|0x0000000084700000, 0x0000000084800000, 0x0000000084800000|100%|HS|  |TAMS 0x0000000084800000, 0x0000000084700000| Complete 
|  72|0x0000000084800000, 0x0000000084900000, 0x0000000084900000|100%|HC|  |TAMS 0x0000000084900000, 0x0000000084800000| Complete 
|  73|0x0000000084900000, 0x0000000084a00000, 0x0000000084a00000|100%|HC|  |TAMS 0x0000000084a00000, 0x0000000084900000| Complete 
|  74|0x0000000084a00000, 0x0000000084b00000, 0x0000000084b00000|100%|HC|  |TAMS 0x0000000084b00000, 0x0000000084a00000| Complete 
|  75|0x0000000084b00000, 0x0000000084c00000, 0x0000000084c00000|100%|HC|  |TAMS 0x0000000084c00000, 0x0000000084b00000| Complete 
|  76|0x0000000084c00000, 0x0000000084d00000, 0x0000000084d00000|100%| O|  |TAMS 0x0000000084d00000, 0x0000000084c00000| Untracked 
|  77|0x0000000084d00000, 0x0000000084e00000, 0x0000000084e00000|100%| O|  |TAMS 0x0000000084e00000, 0x0000000084d00000| Untracked 
|  78|0x0000000084e00000, 0x0000000084f00000, 0x0000000084f00000|100%| O|  |TAMS 0x0000000084f00000, 0x0000000084e00000| Untracked 
|  79|0x0000000084f00000, 0x0000000085000000, 0x0000000085000000|100%| O|  |TAMS 0x0000000085000000, 0x0000000084f00000| Untracked 
|  80|0x0000000085000000, 0x0000000085100000, 0x0000000085100000|100%| O|  |TAMS 0x0000000085100000, 0x0000000085000000| Untracked 
|  81|0x0000000085100000, 0x0000000085200000, 0x0000000085200000|100%| O|  |TAMS 0x0000000085200000, 0x0000000085100000| Untracked 
|  82|0x0000000085200000, 0x0000000085300000, 0x0000000085300000|100%| O|  |TAMS 0x0000000085300000, 0x0000000085200000| Untracked 
|  83|0x0000000085300000, 0x0000000085400000, 0x0000000085400000|100%| O|  |TAMS 0x0000000085400000, 0x0000000085300000| Untracked 
|  84|0x0000000085400000, 0x0000000085500000, 0x0000000085500000|100%| O|  |TAMS 0x0000000085500000, 0x0000000085400000| Untracked 
|  85|0x0000000085500000, 0x0000000085600000, 0x0000000085600000|100%| O|  |TAMS 0x0000000085600000, 0x0000000085500000| Untracked 
|  86|0x0000000085600000, 0x0000000085700000, 0x0000000085700000|100%| O|  |TAMS 0x0000000085700000, 0x0000000085600000| Untracked 
|  87|0x0000000085700000, 0x0000000085800000, 0x0000000085800000|100%| O|  |TAMS 0x0000000085800000, 0x0000000085700000| Untracked 
|  88|0x0000000085800000, 0x0000000085900000, 0x0000000085900000|100%| O|  |TAMS 0x0000000085900000, 0x0000000085800000| Untracked 
|  89|0x0000000085900000, 0x0000000085a00000, 0x0000000085a00000|100%| O|  |TAMS 0x0000000085a00000, 0x0000000085900000| Untracked 
|  90|0x0000000085a00000, 0x0000000085b00000, 0x0000000085b00000|100%| O|  |TAMS 0x0000000085b00000, 0x0000000085a00000| Untracked 
|  91|0x0000000085b00000, 0x0000000085c00000, 0x0000000085c00000|100%| O|  |TAMS 0x0000000085c00000, 0x0000000085b00000| Untracked 
|  92|0x0000000085c00000, 0x0000000085d00000, 0x0000000085d00000|100%| O|  |TAMS 0x0000000085d00000, 0x0000000085c00000| Untracked 
|  93|0x0000000085d00000, 0x0000000085e00000, 0x0000000085e00000|100%| O|  |TAMS 0x0000000085e00000, 0x0000000085d00000| Untracked 
|  94|0x0000000085e00000, 0x0000000085f00000, 0x0000000085f00000|100%| O|  |TAMS 0x0000000085f00000, 0x0000000085e00000| Untracked 
|  95|0x0000000085f00000, 0x0000000086000000, 0x0000000086000000|100%|HS|  |TAMS 0x0000000086000000, 0x0000000085f00000| Complete 
|  96|0x0000000086000000, 0x0000000086100000, 0x0000000086100000|100%|HS|  |TAMS 0x0000000086100000, 0x0000000086000000| Complete 
|  97|0x0000000086100000, 0x0000000086200000, 0x0000000086200000|100%| O|  |TAMS 0x0000000086200000, 0x0000000086100000| Untracked 
|  98|0x0000000086200000, 0x0000000086300000, 0x0000000086300000|100%| O|  |TAMS 0x0000000086300000, 0x0000000086200000| Untracked 
|  99|0x0000000086300000, 0x0000000086400000, 0x0000000086400000|100%| O|  |TAMS 0x0000000086400000, 0x0000000086300000| Untracked 
| 100|0x0000000086400000, 0x0000000086500000, 0x0000000086500000|100%| O|  |TAMS 0x0000000086500000, 0x0000000086400000| Untracked 
| 101|0x0000000086500000, 0x0000000086600000, 0x0000000086600000|100%| O|  |TAMS 0x0000000086600000, 0x0000000086500000| Untracked 
| 102|0x0000000086600000, 0x0000000086700000, 0x0000000086700000|100%| O|  |TAMS 0x0000000086700000, 0x0000000086600000| Untracked 
| 103|0x0000000086700000, 0x0000000086800000, 0x0000000086800000|100%| O|  |TAMS 0x0000000086800000, 0x0000000086700000| Untracked 
| 104|0x0000000086800000, 0x0000000086900000, 0x0000000086900000|100%| O|  |TAMS 0x0000000086900000, 0x0000000086800000| Untracked 
| 105|0x0000000086900000, 0x0000000086a00000, 0x0000000086a00000|100%| O|  |TAMS 0x0000000086a00000, 0x0000000086900000| Untracked 
| 106|0x0000000086a00000, 0x0000000086b00000, 0x0000000086b00000|100%| O|  |TAMS 0x0000000086b00000, 0x0000000086a00000| Untracked 
| 107|0x0000000086b00000, 0x0000000086c00000, 0x0000000086c00000|100%| O|  |TAMS 0x0000000086c00000, 0x0000000086b00000| Untracked 
| 108|0x0000000086c00000, 0x0000000086d00000, 0x0000000086d00000|100%| O|  |TAMS 0x0000000086d00000, 0x0000000086c00000| Untracked 
| 109|0x0000000086d00000, 0x0000000086e00000, 0x0000000086e00000|100%| O|  |TAMS 0x0000000086e00000, 0x0000000086d00000| Untracked 
| 110|0x0000000086e00000, 0x0000000086f00000, 0x0000000086f00000|100%| O|  |TAMS 0x0000000086f00000, 0x0000000086e00000| Untracked 
| 111|0x0000000086f00000, 0x0000000087000000, 0x0000000087000000|100%| O|  |TAMS 0x0000000087000000, 0x0000000086f00000| Untracked 
| 112|0x0000000087000000, 0x0000000087100000, 0x0000000087100000|100%| O|  |TAMS 0x0000000087100000, 0x0000000087000000| Untracked 
| 113|0x0000000087100000, 0x0000000087200000, 0x0000000087200000|100%| O|  |TAMS 0x0000000087200000, 0x0000000087100000| Untracked 
| 114|0x0000000087200000, 0x0000000087300000, 0x0000000087300000|100%| O|  |TAMS 0x0000000087300000, 0x0000000087200000| Untracked 
| 115|0x0000000087300000, 0x0000000087400000, 0x0000000087400000|100%| O|  |TAMS 0x0000000087400000, 0x0000000087300000| Untracked 
| 116|0x0000000087400000, 0x0000000087500000, 0x0000000087500000|100%| O|  |TAMS 0x0000000087500000, 0x0000000087400000| Untracked 
| 117|0x0000000087500000, 0x0000000087600000, 0x0000000087600000|100%| O|  |TAMS 0x00000000875d6a00, 0x0000000087500000| Untracked 
| 118|0x0000000087600000, 0x0000000087700000, 0x0000000087700000|100%| O|  |TAMS 0x0000000087700000, 0x0000000087600000| Untracked 
| 119|0x0000000087700000, 0x0000000087800000, 0x0000000087800000|100%|HS|  |TAMS 0x0000000087800000, 0x0000000087700000| Complete 
| 120|0x0000000087800000, 0x0000000087900000, 0x0000000087900000|100%|HC|  |TAMS 0x0000000087900000, 0x0000000087800000| Complete 
| 121|0x0000000087900000, 0x0000000087a00000, 0x0000000087a00000|100%|HS|  |TAMS 0x0000000087a00000, 0x0000000087900000| Complete 
| 122|0x0000000087a00000, 0x0000000087b00000, 0x0000000087b00000|100%|HC|  |TAMS 0x0000000087b00000, 0x0000000087a00000| Complete 
| 123|0x0000000087b00000, 0x0000000087c00000, 0x0000000087c00000|100%|HC|  |TAMS 0x0000000087c00000, 0x0000000087b00000| Complete 
| 124|0x0000000087c00000, 0x0000000087d00000, 0x0000000087d00000|100%|HS|  |TAMS 0x0000000087d00000, 0x0000000087c00000| Complete 
| 125|0x0000000087d00000, 0x0000000087e00000, 0x0000000087e00000|100%|HC|  |TAMS 0x0000000087e00000, 0x0000000087d00000| Complete 
| 126|0x0000000087e00000, 0x0000000087f00000, 0x0000000087f00000|100%|HC|  |TAMS 0x0000000087f00000, 0x0000000087e00000| Complete 
| 127|0x0000000087f00000, 0x0000000088000000, 0x0000000088000000|100%|HS|  |TAMS 0x0000000088000000, 0x0000000087f00000| Complete 
| 128|0x0000000088000000, 0x0000000088100000, 0x0000000088100000|100%|HC|  |TAMS 0x0000000088100000, 0x0000000088000000| Complete 
| 129|0x0000000088100000, 0x0000000088200000, 0x0000000088200000|100%|HS|  |TAMS 0x0000000088200000, 0x0000000088100000| Complete 
| 130|0x0000000088200000, 0x0000000088300000, 0x0000000088300000|100%|HC|  |TAMS 0x0000000088300000, 0x0000000088200000| Complete 
| 131|0x0000000088300000, 0x0000000088400000, 0x0000000088400000|100%|HC|  |TAMS 0x0000000088400000, 0x0000000088300000| Complete 
| 132|0x0000000088400000, 0x0000000088500000, 0x0000000088500000|100%|HC|  |TAMS 0x0000000088500000, 0x0000000088400000| Complete 
| 133|0x0000000088500000, 0x0000000088600000, 0x0000000088600000|100%|HC|  |TAMS 0x0000000088600000, 0x0000000088500000| Complete 
| 134|0x0000000088600000, 0x0000000088700000, 0x0000000088700000|100%|HC|  |TAMS 0x0000000088700000, 0x0000000088600000| Complete 
| 135|0x0000000088700000, 0x0000000088800000, 0x0000000088800000|100%|HC|  |TAMS 0x0000000088800000, 0x0000000088700000| Complete 
| 136|0x0000000088800000, 0x0000000088900000, 0x0000000088900000|100%|HC|  |TAMS 0x0000000088900000, 0x0000000088800000| Complete 
| 137|0x0000000088900000, 0x0000000088a00000, 0x0000000088a00000|100%|HC|  |TAMS 0x0000000088a00000, 0x0000000088900000| Complete 
| 138|0x0000000088a00000, 0x0000000088b00000, 0x0000000088b00000|100%|HC|  |TAMS 0x0000000088b00000, 0x0000000088a00000| Complete 
| 139|0x0000000088b00000, 0x0000000088c00000, 0x0000000088c00000|100%|HS|  |TAMS 0x0000000088c00000, 0x0000000088b00000| Complete 
| 140|0x0000000088c00000, 0x0000000088d00000, 0x0000000088d00000|100%|HC|  |TAMS 0x0000000088d00000, 0x0000000088c00000| Complete 
| 141|0x0000000088d00000, 0x0000000088e00000, 0x0000000088e00000|100%| O|  |TAMS 0x0000000088e00000, 0x0000000088d00000| Untracked 
| 142|0x0000000088e00000, 0x0000000088f00000, 0x0000000088f00000|100%| O|  |TAMS 0x0000000088f00000, 0x0000000088e00000| Untracked 
| 143|0x0000000088f00000, 0x0000000089000000, 0x0000000089000000|100%| O|  |TAMS 0x0000000088f00000, 0x0000000088f00000| Untracked 
| 144|0x0000000089000000, 0x0000000089100000, 0x0000000089100000|100%| O|  |TAMS 0x0000000089000000, 0x0000000089000000| Untracked 
| 145|0x0000000089100000, 0x0000000089200000, 0x0000000089200000|100%| O|  |TAMS 0x0000000089200000, 0x0000000089100000| Untracked 
| 146|0x0000000089200000, 0x0000000089300000, 0x0000000089300000|100%|HS|  |TAMS 0x0000000089300000, 0x0000000089200000| Complete 
| 147|0x0000000089300000, 0x0000000089400000, 0x0000000089400000|100%|HC|  |TAMS 0x0000000089400000, 0x0000000089300000| Complete 
| 148|0x0000000089400000, 0x0000000089500000, 0x0000000089500000|100%|HC|  |TAMS 0x0000000089500000, 0x0000000089400000| Complete 
| 149|0x0000000089500000, 0x0000000089600000, 0x0000000089600000|100%|HC|  |TAMS 0x0000000089600000, 0x0000000089500000| Complete 
| 150|0x0000000089600000, 0x0000000089700000, 0x0000000089700000|100%|HC|  |TAMS 0x0000000089700000, 0x0000000089600000| Complete 
| 151|0x0000000089700000, 0x0000000089800000, 0x0000000089800000|100%| O|  |TAMS 0x0000000089800000, 0x0000000089700000| Untracked 
| 152|0x0000000089800000, 0x0000000089900000, 0x0000000089900000|100%| O|  |TAMS 0x0000000089900000, 0x0000000089800000| Untracked 
| 153|0x0000000089900000, 0x0000000089a00000, 0x0000000089a00000|100%| O|  |TAMS 0x0000000089a00000, 0x0000000089900000| Untracked 
| 154|0x0000000089a00000, 0x0000000089b00000, 0x0000000089b00000|100%| O|  |TAMS 0x0000000089a00000, 0x0000000089a00000| Untracked 
| 155|0x0000000089b00000, 0x0000000089c00000, 0x0000000089c00000|100%| O|  |TAMS 0x0000000089c00000, 0x0000000089b00000| Untracked 
| 156|0x0000000089c00000, 0x0000000089d00000, 0x0000000089d00000|100%| O|  |TAMS 0x0000000089d00000, 0x0000000089c00000| Untracked 
| 157|0x0000000089d00000, 0x0000000089e00000, 0x0000000089e00000|100%| O|  |TAMS 0x0000000089e00000, 0x0000000089d00000| Untracked 
| 158|0x0000000089e00000, 0x0000000089f00000, 0x0000000089f00000|100%| O|  |TAMS 0x0000000089f00000, 0x0000000089e00000| Untracked 
| 159|0x0000000089f00000, 0x000000008a000000, 0x000000008a000000|100%| O|  |TAMS 0x000000008a000000, 0x0000000089f00000| Untracked 
| 160|0x000000008a000000, 0x000000008a100000, 0x000000008a100000|100%| O|  |TAMS 0x000000008a100000, 0x000000008a000000| Untracked 
| 161|0x000000008a100000, 0x000000008a200000, 0x000000008a200000|100%| O|  |TAMS 0x000000008a100000, 0x000000008a100000| Untracked 
| 162|0x000000008a200000, 0x000000008a300000, 0x000000008a300000|100%| O|  |TAMS 0x000000008a300000, 0x000000008a200000| Untracked 
| 163|0x000000008a300000, 0x000000008a400000, 0x000000008a400000|100%| O|  |TAMS 0x000000008a400000, 0x000000008a300000| Untracked 
| 164|0x000000008a400000, 0x000000008a500000, 0x000000008a500000|100%| O|  |TAMS 0x000000008a500000, 0x000000008a400000| Untracked 
| 165|0x000000008a500000, 0x000000008a600000, 0x000000008a600000|100%| O|  |TAMS 0x000000008a600000, 0x000000008a500000| Untracked 
| 166|0x000000008a600000, 0x000000008a700000, 0x000000008a700000|100%| O|  |TAMS 0x000000008a700000, 0x000000008a600000| Untracked 
| 167|0x000000008a700000, 0x000000008a800000, 0x000000008a800000|100%| O|  |TAMS 0x000000008a800000, 0x000000008a700000| Untracked 
| 168|0x000000008a800000, 0x000000008a900000, 0x000000008a900000|100%| O|  |TAMS 0x000000008a900000, 0x000000008a800000| Untracked 
| 169|0x000000008a900000, 0x000000008a900000, 0x000000008aa00000|  0%| F|  |TAMS 0x000000008a900000, 0x000000008a900000| Untracked 
| 170|0x000000008aa00000, 0x000000008aada400, 0x000000008ab00000| 85%| O|  |TAMS 0x000000008aa00000, 0x000000008aa00000| Untracked 
| 171|0x000000008ab00000, 0x000000008ac00000, 0x000000008ac00000|100%| O|  |TAMS 0x000000008ac00000, 0x000000008ab00000| Untracked 
| 172|0x000000008ac00000, 0x000000008ad00000, 0x000000008ad00000|100%| O|  |TAMS 0x000000008ad00000, 0x000000008ac00000| Untracked 
| 173|0x000000008ad00000, 0x000000008ad00000, 0x000000008ae00000|  0%| F|  |TAMS 0x000000008ad00000, 0x000000008ad00000| Untracked 
| 174|0x000000008ae00000, 0x000000008af00000, 0x000000008af00000|100%| O|  |TAMS 0x000000008af00000, 0x000000008ae00000| Untracked 
| 175|0x000000008af00000, 0x000000008b000000, 0x000000008b000000|100%| O|  |TAMS 0x000000008b000000, 0x000000008af00000| Untracked 
| 176|0x000000008b000000, 0x000000008b100000, 0x000000008b100000|100%| O|  |TAMS 0x000000008b100000, 0x000000008b000000| Untracked 
| 177|0x000000008b100000, 0x000000008b200000, 0x000000008b200000|100%| O|  |TAMS 0x000000008b200000, 0x000000008b100000| Untracked 
| 178|0x000000008b200000, 0x000000008b300000, 0x000000008b300000|100%| O|  |TAMS 0x000000008b300000, 0x000000008b200000| Untracked 
| 179|0x000000008b300000, 0x000000008b400000, 0x000000008b400000|100%| O|  |TAMS 0x000000008b400000, 0x000000008b300000| Untracked 
| 180|0x000000008b400000, 0x000000008b500000, 0x000000008b500000|100%| O|  |TAMS 0x000000008b500000, 0x000000008b400000| Untracked 
| 181|0x000000008b500000, 0x000000008b600000, 0x000000008b600000|100%| O|  |TAMS 0x000000008b600000, 0x000000008b500000| Untracked 
| 182|0x000000008b600000, 0x000000008b600000, 0x000000008b700000|  0%| F|  |TAMS 0x000000008b600000, 0x000000008b600000| Untracked 
| 183|0x000000008b700000, 0x000000008b700000, 0x000000008b800000|  0%| F|  |TAMS 0x000000008b700000, 0x000000008b700000| Untracked 
| 184|0x000000008b800000, 0x000000008b800000, 0x000000008b900000|  0%| F|  |TAMS 0x000000008b800000, 0x000000008b800000| Untracked 
| 185|0x000000008b900000, 0x000000008b900000, 0x000000008ba00000|  0%| F|  |TAMS 0x000000008b900000, 0x000000008b900000| Untracked 
| 186|0x000000008ba00000, 0x000000008bb00000, 0x000000008bb00000|100%| O|  |TAMS 0x000000008bb00000, 0x000000008ba00000| Untracked 
| 187|0x000000008bb00000, 0x000000008bc00000, 0x000000008bc00000|100%| O|  |TAMS 0x000000008bc00000, 0x000000008bb00000| Untracked 
| 188|0x000000008bc00000, 0x000000008bc00000, 0x000000008bd00000|  0%| F|  |TAMS 0x000000008bc00000, 0x000000008bc00000| Untracked 
| 189|0x000000008bd00000, 0x000000008be00000, 0x000000008be00000|100%| O|  |TAMS 0x000000008be00000, 0x000000008bd00000| Untracked 
| 190|0x000000008be00000, 0x000000008be00000, 0x000000008bf00000|  0%| F|  |TAMS 0x000000008be00000, 0x000000008be00000| Untracked 
| 191|0x000000008bf00000, 0x000000008c000000, 0x000000008c000000|100%| O|  |TAMS 0x000000008c000000, 0x000000008bf00000| Untracked 
| 192|0x000000008c000000, 0x000000008c000000, 0x000000008c100000|  0%| F|  |TAMS 0x000000008c000000, 0x000000008c000000| Untracked 
| 193|0x000000008c100000, 0x000000008c200000, 0x000000008c200000|100%| O|  |TAMS 0x000000008c200000, 0x000000008c100000| Untracked 
| 194|0x000000008c200000, 0x000000008c200000, 0x000000008c300000|  0%| F|  |TAMS 0x000000008c200000, 0x000000008c200000| Untracked 
| 195|0x000000008c300000, 0x000000008c400000, 0x000000008c400000|100%| O|  |TAMS 0x000000008c400000, 0x000000008c300000| Untracked 
| 196|0x000000008c400000, 0x000000008c400000, 0x000000008c500000|  0%| F|  |TAMS 0x000000008c400000, 0x000000008c400000| Untracked 
| 197|0x000000008c500000, 0x000000008c500000, 0x000000008c600000|  0%| F|  |TAMS 0x000000008c500000, 0x000000008c500000| Untracked 
| 198|0x000000008c600000, 0x000000008c600000, 0x000000008c700000|  0%| F|  |TAMS 0x000000008c600000, 0x000000008c600000| Untracked 
| 199|0x000000008c700000, 0x000000008c700000, 0x000000008c800000|  0%| F|  |TAMS 0x000000008c700000, 0x000000008c700000| Untracked 
| 200|0x000000008c800000, 0x000000008c800000, 0x000000008c900000|  0%| F|  |TAMS 0x000000008c800000, 0x000000008c800000| Untracked 
| 201|0x000000008c900000, 0x000000008ca00000, 0x000000008ca00000|100%| O|  |TAMS 0x000000008ca00000, 0x000000008c900000| Untracked 
| 202|0x000000008ca00000, 0x000000008cb00000, 0x000000008cb00000|100%| O|  |TAMS 0x000000008cb00000, 0x000000008ca00000| Untracked 
| 203|0x000000008cb00000, 0x000000008cb00000, 0x000000008cc00000|  0%| F|  |TAMS 0x000000008cb00000, 0x000000008cb00000| Untracked 
| 204|0x000000008cc00000, 0x000000008cc00000, 0x000000008cd00000|  0%| F|  |TAMS 0x000000008cc00000, 0x000000008cc00000| Untracked 
| 205|0x000000008cd00000, 0x000000008cd00000, 0x000000008ce00000|  0%| F|  |TAMS 0x000000008cd00000, 0x000000008cd00000| Untracked 
| 206|0x000000008ce00000, 0x000000008ce00000, 0x000000008cf00000|  0%| F|  |TAMS 0x000000008ce00000, 0x000000008ce00000| Untracked 
| 207|0x000000008cf00000, 0x000000008cf00000, 0x000000008d000000|  0%| F|  |TAMS 0x000000008cf00000, 0x000000008cf00000| Untracked 
| 208|0x000000008d000000, 0x000000008d000000, 0x000000008d100000|  0%| F|  |TAMS 0x000000008d000000, 0x000000008d000000| Untracked 
| 209|0x000000008d100000, 0x000000008d100000, 0x000000008d200000|  0%| F|  |TAMS 0x000000008d100000, 0x000000008d100000| Untracked 
| 210|0x000000008d200000, 0x000000008d200000, 0x000000008d300000|  0%| F|  |TAMS 0x000000008d200000, 0x000000008d200000| Untracked 
| 211|0x000000008d300000, 0x000000008d300000, 0x000000008d400000|  0%| F|  |TAMS 0x000000008d300000, 0x000000008d300000| Untracked 
| 212|0x000000008d400000, 0x000000008d400000, 0x000000008d500000|  0%| F|  |TAMS 0x000000008d400000, 0x000000008d400000| Untracked 
| 213|0x000000008d500000, 0x000000008d500000, 0x000000008d600000|  0%| F|  |TAMS 0x000000008d500000, 0x000000008d500000| Untracked 
| 214|0x000000008d600000, 0x000000008d600000, 0x000000008d700000|  0%| F|  |TAMS 0x000000008d600000, 0x000000008d600000| Untracked 
| 215|0x000000008d700000, 0x000000008d700000, 0x000000008d800000|  0%| F|  |TAMS 0x000000008d700000, 0x000000008d700000| Untracked 
| 216|0x000000008d800000, 0x000000008d800000, 0x000000008d900000|  0%| F|  |TAMS 0x000000008d800000, 0x000000008d800000| Untracked 
| 217|0x000000008d900000, 0x000000008d900000, 0x000000008da00000|  0%| F|  |TAMS 0x000000008d900000, 0x000000008d900000| Untracked 
| 218|0x000000008da00000, 0x000000008da00000, 0x000000008db00000|  0%| F|  |TAMS 0x000000008da00000, 0x000000008da00000| Untracked 
| 219|0x000000008db00000, 0x000000008db00000, 0x000000008dc00000|  0%| F|  |TAMS 0x000000008db00000, 0x000000008db00000| Untracked 
| 220|0x000000008dc00000, 0x000000008dc00000, 0x000000008dd00000|  0%| F|  |TAMS 0x000000008dc00000, 0x000000008dc00000| Untracked 
| 221|0x000000008dd00000, 0x000000008dd00000, 0x000000008de00000|  0%| F|  |TAMS 0x000000008dd00000, 0x000000008dd00000| Untracked 
| 222|0x000000008de00000, 0x000000008de00000, 0x000000008df00000|  0%| F|  |TAMS 0x000000008de00000, 0x000000008de00000| Untracked 
| 223|0x000000008df00000, 0x000000008df00000, 0x000000008e000000|  0%| F|  |TAMS 0x000000008df00000, 0x000000008df00000| Untracked 
| 224|0x000000008e000000, 0x000000008e000000, 0x000000008e100000|  0%| F|  |TAMS 0x000000008e000000, 0x000000008e000000| Untracked 
| 225|0x000000008e100000, 0x000000008e100000, 0x000000008e200000|  0%| F|  |TAMS 0x000000008e100000, 0x000000008e100000| Untracked 
| 226|0x000000008e200000, 0x000000008e200000, 0x000000008e300000|  0%| F|  |TAMS 0x000000008e200000, 0x000000008e200000| Untracked 
| 227|0x000000008e300000, 0x000000008e300000, 0x000000008e400000|  0%| F|  |TAMS 0x000000008e300000, 0x000000008e300000| Untracked 
| 228|0x000000008e400000, 0x000000008e400000, 0x000000008e500000|  0%| F|  |TAMS 0x000000008e400000, 0x000000008e400000| Untracked 
| 229|0x000000008e500000, 0x000000008e500000, 0x000000008e600000|  0%| F|  |TAMS 0x000000008e500000, 0x000000008e500000| Untracked 
| 230|0x000000008e600000, 0x000000008e600000, 0x000000008e700000|  0%| F|  |TAMS 0x000000008e600000, 0x000000008e600000| Untracked 
| 231|0x000000008e700000, 0x000000008e774188, 0x000000008e800000| 45%| E|  |TAMS 0x000000008e700000, 0x000000008e700000| Complete 
| 232|0x000000008e800000, 0x000000008e900000, 0x000000008e900000|100%| E|CS|TAMS 0x000000008e800000, 0x000000008e800000| Complete 
| 233|0x000000008e900000, 0x000000008ea00000, 0x000000008ea00000|100%| E|CS|TAMS 0x000000008e900000, 0x000000008e900000| Complete 
| 234|0x000000008ea00000, 0x000000008eb00000, 0x000000008eb00000|100%| E|CS|TAMS 0x000000008ea00000, 0x000000008ea00000| Complete 
| 235|0x000000008eb00000, 0x000000008ec00000, 0x000000008ec00000|100%| E|CS|TAMS 0x000000008eb00000, 0x000000008eb00000| Complete 
| 236|0x000000008ec00000, 0x000000008ed00000, 0x000000008ed00000|100%| E|CS|TAMS 0x000000008ec00000, 0x000000008ec00000| Complete 
| 237|0x000000008ed00000, 0x000000008ee00000, 0x000000008ee00000|100%| E|CS|TAMS 0x000000008ed00000, 0x000000008ed00000| Complete 
| 238|0x000000008ee00000, 0x000000008ef00000, 0x000000008ef00000|100%| E|CS|TAMS 0x000000008ee00000, 0x000000008ee00000| Complete 
| 239|0x000000008ef00000, 0x000000008f000000, 0x000000008f000000|100%| E|  |TAMS 0x000000008ef00000, 0x000000008ef00000| Complete 
| 240|0x000000008f000000, 0x000000008f100000, 0x000000008f100000|100%| E|CS|TAMS 0x000000008f000000, 0x000000008f000000| Complete 
| 241|0x000000008f100000, 0x000000008f200000, 0x000000008f200000|100%| E|CS|TAMS 0x000000008f100000, 0x000000008f100000| Complete 
| 242|0x000000008f200000, 0x000000008f300000, 0x000000008f300000|100%| E|CS|TAMS 0x000000008f200000, 0x000000008f200000| Complete 
| 243|0x000000008f300000, 0x000000008f400000, 0x000000008f400000|100%| E|CS|TAMS 0x000000008f300000, 0x000000008f300000| Complete 
| 244|0x000000008f400000, 0x000000008f500000, 0x000000008f500000|100%| E|CS|TAMS 0x000000008f400000, 0x000000008f400000| Complete 
| 245|0x000000008f500000, 0x000000008f600000, 0x000000008f600000|100%| E|CS|TAMS 0x000000008f500000, 0x000000008f500000| Complete 
| 246|0x000000008f600000, 0x000000008f700000, 0x000000008f700000|100%| E|CS|TAMS 0x000000008f600000, 0x000000008f600000| Complete 
| 247|0x000000008f700000, 0x000000008f800000, 0x000000008f800000|100%| E|CS|TAMS 0x000000008f700000, 0x000000008f700000| Complete 
| 248|0x000000008f800000, 0x000000008f8e15a0, 0x000000008f900000| 88%| S|CS|TAMS 0x000000008f800000, 0x000000008f800000| Complete 
| 249|0x000000008f900000, 0x000000008fa00000, 0x000000008fa00000|100%| E|CS|TAMS 0x000000008f900000, 0x000000008f900000| Complete 
| 250|0x000000008fa00000, 0x000000008fb00000, 0x000000008fb00000|100%| E|CS|TAMS 0x000000008fa00000, 0x000000008fa00000| Complete 
| 251|0x000000008fb00000, 0x000000008fc00000, 0x000000008fc00000|100%| E|CS|TAMS 0x000000008fb00000, 0x000000008fb00000| Complete 
| 252|0x000000008fc00000, 0x000000008fd00000, 0x000000008fd00000|100%| E|CS|TAMS 0x000000008fc00000, 0x000000008fc00000| Complete 
| 253|0x000000008fd00000, 0x000000008fe00000, 0x000000008fe00000|100%| E|CS|TAMS 0x000000008fd00000, 0x000000008fd00000| Complete 
| 254|0x000000008fe00000, 0x000000008ff00000, 0x000000008ff00000|100%| E|CS|TAMS 0x000000008fe00000, 0x000000008fe00000| Complete 
| 255|0x000000008ff00000, 0x0000000090000000, 0x0000000090000000|100%| E|CS|TAMS 0x000000008ff00000, 0x000000008ff00000| Complete 

Card table byte_map: [0x000002374dcc0000,0x000002374e0c0000] _byte_map_base: 0x000002374d8c0000

Marking Bits (Prev, Next): (CMBitMap*) 0x000002373add9670, (CMBitMap*) 0x000002373add9638
 Prev Bits: [0x00000237504c0000, 0x00000237524c0000)
 Next Bits: [0x000002374e4c0000, 0x00000237504c0000)

Polling page: 0x0000023738ca0000

Metaspace:

Usage:
  Non-class:    108.31 MB capacity,   106.19 MB ( 98%) used,     1.74 MB (  2%) free+waste,   388.62 KB ( <1%) overhead. 
      Class:     16.16 MB capacity,    14.93 MB ( 92%) used,     1.06 MB (  7%) free+waste,   171.00 KB (  1%) overhead. 
       Both:    124.47 MB capacity,   121.13 MB ( 97%) used,     2.80 MB (  2%) free+waste,   559.62 KB ( <1%) overhead. 

Virtual space:
  Non-class space:      110.00 MB reserved,     108.81 MB ( 99%) committed 
      Class space:        1.00 GB reserved,      16.48 MB (  2%) committed 
             Both:        1.11 GB reserved,     125.29 MB ( 11%) committed 

Chunk freelists:
   Non-Class:  508.00 KB
       Class:  252.00 KB
        Both:  760.00 KB

MaxMetaspaceSize: 17179869184.00 GB
CompressedClassSpaceSize: 1.00 GB
Initial GC threshold: 20.80 MB
Current GC threshold: 205.90 MB
CDS: off

CodeHeap 'non-profiled nmethods': size=120064Kb used=17118Kb max_used=17118Kb free=102945Kb
 bounds [0x0000023746380000, 0x0000023747440000, 0x000002374d8c0000]
CodeHeap 'profiled nmethods': size=120000Kb used=44382Kb max_used=44449Kb free=75617Kb
 bounds [0x000002373ee50000, 0x00000237419c0000, 0x0000023746380000]
CodeHeap 'non-nmethods': size=5696Kb used=2464Kb max_used=2523Kb free=3231Kb
 bounds [0x000002373e8c0000, 0x000002373eb50000, 0x000002373ee50000]
 total_blobs=20793 nmethods=19789 adapters=914
 compilation: enabled
              stopped_count=0, restarted_count=0
 full_count=0

Compilation events (20 events):
Event: 6182.028 Thread 0x00000237549ef000 21773       3       com.android.utils.SdkUtils::endsWithIgnoreCase (21 bytes)
Event: 6182.028 Thread 0x00000237549ef000 nmethod 21773 0x00000237407f5e90 code [0x00000237407f6080, 0x00000237407f64a8]
Event: 6182.028 Thread 0x00000237549ef000 21774       3       com.android.ide.common.resources.FileResourceNameValidator::getErrorTextForNameWithoutExtension (113 bytes)
Event: 6182.029 Thread 0x00000237549ef000 nmethod 21774 0x00000237407f3490 code [0x00000237407f38c0, 0x00000237407f54e8]
Event: 6182.041 Thread 0x00000237549ef000 21775   !   3       com.android.utils.PositionXmlParser::readAllBytes (87 bytes)
Event: 6182.041 Thread 0x00000237549ef000 nmethod 21775 0x00000237407f1f90 code [0x00000237407f2220, 0x00000237407f2fd8]
Event: 6182.042 Thread 0x00000237549ef000 21776   !   3       com.android.utils.PositionXmlParser::parseInternal (65 bytes)
Event: 6182.042 Thread 0x00000237549ef000 nmethod 21776 0x00000237407f1190 code [0x00000237407f1400, 0x00000237407f1bd8]
Event: 6182.042 Thread 0x00000237549ef000 21777       3       com.android.utils.PositionXmlParser$DomBuilder::<init> (64 bytes)
Event: 6182.043 Thread 0x00000237549ef000 nmethod 21777 0x00000237407f0310 code [0x00000237407f0560, 0x00000237407f0eb8]
Event: 6182.043 Thread 0x00000237549ef000 21778       3       org.xml.sax.ext.DefaultHandler2::<init> (5 bytes)
Event: 6182.043 Thread 0x00000237549ef000 nmethod 21778 0x00000237407efe90 code [0x00000237407f0040, 0x00000237407f01f8]
Event: 6182.043 Thread 0x00000237549ef000 21779   !   3       org.apache.xerces.jaxp.DocumentBuilderFactoryImpl::newDocumentBuilder (118 bytes)
Event: 6182.044 Thread 0x00000237549ef000 nmethod 21779 0x00000237407eec10 code [0x00000237407eeea0, 0x00000237407efae8]
Event: 6182.044 Thread 0x00000237549ef000 21780       3       org.apache.xerces.jaxp.DocumentBuilderImpl::<init> (484 bytes)
Event: 6182.046 Thread 0x00000237549ef000 nmethod 21780 0x00000237407eb110 code [0x00000237407eb600, 0x00000237407ee0d8]
Event: 6182.046 Thread 0x00000237549ef000 21781       3       com.android.utils.PositionXmlParser::createSource (16 bytes)
Event: 6182.046 Thread 0x00000237549ef000 nmethod 21781 0x00000237407ea710 code [0x00000237407ea920, 0x00000237407eaef8]
Event: 6182.046 Thread 0x00000237549ef000 21782       3       org.apache.xerces.impl.XMLDocumentScannerImpl$ContentDispatcher::elementDepthIsZeroHook (25 bytes)
Event: 6182.047 Thread 0x00000237549ef000 nmethod 21782 0x00000237407ea310 code [0x00000237407ea4c0, 0x00000237407ea658]

GC Heap History (20 events):
Event: 5451.384 GC heap before
{Heap before GC invocations=77 (full 0):
 garbage-first heap   total 262144K, used 195119K [0x0000000080000000, 0x0000000100000000)
  region size 1024K, 12 young (12288K), 2 survivors (2048K)
 Metaspace       used 118047K, capacity 121662K, committed 122920K, reserved 1157120K
  class space    used 14620K, capacity 15914K, committed 16364K, reserved 1048576K
}
Event: 5451.404 GC heap after
{Heap after GC invocations=78 (full 0):
 garbage-first heap   total 262144K, used 184150K [0x0000000080000000, 0x0000000100000000)
  region size 1024K, 1 young (1024K), 1 survivors (1024K)
 Metaspace       used 118047K, capacity 121662K, committed 122920K, reserved 1157120K
  class space    used 14620K, capacity 15914K, committed 16364K, reserved 1048576K
}
Event: 6171.624 GC heap before
{Heap before GC invocations=78 (full 0):
 garbage-first heap   total 262144K, used 221014K [0x0000000080000000, 0x0000000100000000)
  region size 1024K, 37 young (37888K), 1 survivors (1024K)
 Metaspace       used 118318K, capacity 121925K, committed 122920K, reserved 1157120K
  class space    used 14651K, capacity 15978K, committed 16364K, reserved 1048576K
}
Event: 6171.637 GC heap after
{Heap after GC invocations=79 (full 0):
 garbage-first heap   total 262144K, used 186066K [0x0000000080000000, 0x0000000100000000)
  region size 1024K, 3 young (3072K), 3 survivors (3072K)
 Metaspace       used 118318K, capacity 121925K, committed 122920K, reserved 1157120K
  class space    used 14651K, capacity 15978K, committed 16364K, reserved 1048576K
}
Event: 6172.696 GC heap before
{Heap before GC invocations=80 (full 0):
 garbage-first heap   total 262144K, used 222930K [0x0000000080000000, 0x0000000100000000)
  region size 1024K, 39 young (39936K), 3 survivors (3072K)
 Metaspace       used 118513K, capacity 121667K, committed 123432K, reserved 1157120K
  class space    used 14645K, capacity 15815K, committed 16364K, reserved 1048576K
}
Event: 6172.712 GC heap after
{Heap after GC invocations=81 (full 0):
 garbage-first heap   total 262144K, used 190756K [0x0000000080000000, 0x0000000100000000)
  region size 1024K, 5 young (5120K), 5 survivors (5120K)
 Metaspace       used 118513K, capacity 121667K, committed 123432K, reserved 1157120K
  class space    used 14645K, capacity 15815K, committed 16364K, reserved 1048576K
}
Event: 6172.850 GC heap before
{Heap before GC invocations=81 (full 0):
 garbage-first heap   total 262144K, used 197924K [0x0000000080000000, 0x0000000100000000)
  region size 1024K, 12 young (12288K), 5 survivors (5120K)
 Metaspace       used 118815K, capacity 121964K, committed 123688K, reserved 1157120K
  class space    used 14681K, capacity 15849K, committed 16364K, reserved 1048576K
}
Event: 6172.879 GC heap after
{Heap after GC invocations=82 (full 0):
 garbage-first heap   total 262144K, used 178955K [0x0000000080000000, 0x0000000100000000)
  region size 1024K, 1 young (1024K), 1 survivors (1024K)
 Metaspace       used 118815K, capacity 121964K, committed 123688K, reserved 1157120K
  class space    used 14681K, capacity 15849K, committed 16364K, reserved 1048576K
}
Event: 6173.812 GC heap before
{Heap before GC invocations=82 (full 0):
 garbage-first heap   total 262144K, used 218891K [0x0000000080000000, 0x0000000100000000)
  region size 1024K, 40 young (40960K), 1 survivors (1024K)
 Metaspace       used 119240K, capacity 122459K, committed 123944K, reserved 1157120K
  class space    used 14728K, capacity 15902K, committed 16364K, reserved 1048576K
}
Event: 6173.823 GC heap after
{Heap after GC invocations=83 (full 0):
 garbage-first heap   total 262144K, used 184114K [0x0000000080000000, 0x0000000100000000)
  region size 1024K, 5 young (5120K), 5 survivors (5120K)
 Metaspace       used 119240K, capacity 122459K, committed 123944K, reserved 1157120K
  class space    used 14728K, capacity 15902K, committed 16364K, reserved 1048576K
}
Event: 6175.073 GC heap before
{Heap before GC invocations=84 (full 0):
 garbage-first heap   total 262144K, used 219954K [0x0000000080000000, 0x0000000100000000)
  region size 1024K, 41 young (41984K), 5 survivors (5120K)
 Metaspace       used 120980K, capacity 124380K, committed 125480K, reserved 1159168K
  class space    used 14971K, capacity 16221K, committed 16620K, reserved 1048576K
}
Event: 6175.087 GC heap after
{Heap after GC invocations=85 (full 0):
 garbage-first heap   total 262144K, used 188695K [0x0000000080000000, 0x0000000100000000)
  region size 1024K, 5 young (5120K), 5 survivors (5120K)
 Metaspace       used 120980K, capacity 124380K, committed 125480K, reserved 1159168K
  class space    used 14971K, capacity 16221K, committed 16620K, reserved 1048576K
}
Event: 6175.356 GC heap before
{Heap before GC invocations=85 (full 0):
 garbage-first heap   total 262144K, used 195863K [0x0000000080000000, 0x0000000100000000)
  region size 1024K, 12 young (12288K), 5 survivors (5120K)
 Metaspace       used 120990K, capacity 124386K, committed 125480K, reserved 1159168K
  class space    used 14971K, capacity 16222K, committed 16620K, reserved 1048576K
}
Event: 6175.367 GC heap after
{Heap after GC invocations=86 (full 0):
 garbage-first heap   total 262144K, used 189708K [0x0000000080000000, 0x0000000100000000)
  region size 1024K, 2 young (2048K), 2 survivors (2048K)
 Metaspace       used 120990K, capacity 124386K, committed 125480K, reserved 1159168K
  class space    used 14971K, capacity 16222K, committed 16620K, reserved 1048576K
}
Event: 6177.169 GC heap before
{Heap before GC invocations=86 (full 0):
 garbage-first heap   total 262144K, used 222476K [0x0000000080000000, 0x0000000100000000)
  region size 1024K, 35 young (35840K), 2 survivors (2048K)
 Metaspace       used 121425K, capacity 124817K, committed 125736K, reserved 1159168K
  class space    used 15028K, capacity 16268K, committed 16620K, reserved 1048576K
}
Event: 6177.175 GC heap after
{Heap after GC invocations=87 (full 0):
 garbage-first heap   total 262144K, used 191008K [0x0000000080000000, 0x0000000100000000)
  region size 1024K, 3 young (3072K), 3 survivors (3072K)
 Metaspace       used 121425K, capacity 124817K, committed 125736K, reserved 1159168K
  class space    used 15028K, capacity 16268K, committed 16620K, reserved 1048576K
}
Event: 6180.293 GC heap before
{Heap before GC invocations=88 (full 0):
 garbage-first heap   total 262144K, used 223776K [0x0000000080000000, 0x0000000100000000)
  region size 1024K, 36 young (36864K), 3 survivors (3072K)
 Metaspace       used 123854K, capacity 127267K, committed 128296K, reserved 1161216K
  class space    used 15289K, capacity 16548K, committed 16876K, reserved 1048576K
}
Event: 6180.298 GC heap after
{Heap after GC invocations=89 (full 0):
 garbage-first heap   total 262144K, used 192738K [0x0000000080000000, 0x0000000100000000)
  region size 1024K, 5 young (5120K), 5 survivors (5120K)
 Metaspace       used 123854K, capacity 127267K, committed 128296K, reserved 1161216K
  class space    used 15289K, capacity 16548K, committed 16876K, reserved 1048576K
}
Event: 6181.064 GC heap before
{Heap before GC invocations=89 (full 0):
 garbage-first heap   total 262144K, used 199906K [0x0000000080000000, 0x0000000100000000)
  region size 1024K, 12 young (12288K), 5 survivors (5120K)
 Metaspace       used 123905K, capacity 127332K, committed 128296K, reserved 1161216K
  class space    used 15289K, capacity 16548K, committed 16876K, reserved 1048576K
}
Event: 6181.074 GC heap after
{Heap after GC invocations=90 (full 0):
 garbage-first heap   total 262144K, used 192238K [0x0000000080000000, 0x0000000100000000)
  region size 1024K, 1 young (1024K), 1 survivors (1024K)
 Metaspace       used 123905K, capacity 127332K, committed 128296K, reserved 1161216K
  class space    used 15289K, capacity 16548K, committed 16876K, reserved 1048576K
}

Deoptimization events (20 events):
Event: 6181.510 Thread 0x0000023759ebc800 Uncommon trap: trap_request=0xffffff4d fr.pc=0x00000237473f54e0 relative=0x00000000000000c0
Event: 6181.510 Thread 0x0000023759ebc800 Uncommon trap: reason=unstable_if action=reinterpret pc=0x00000237473f54e0 method=org.apache.xerces.impl.XMLEntityScanner.skipChar(I)Z @ 14 c2
Event: 6181.510 Thread 0x0000023759ebc800 DEOPT PACKING pc=0x00000237473f54e0 sp=0x0000008af5cf9a40
Event: 6181.510 Thread 0x0000023759ebc800 DEOPT UNPACKING pc=0x000002373e90a1af sp=0x0000008af5cf99c0 mode 2
Event: 6181.600 Thread 0x0000023759ebc800 Uncommon trap: trap_request=0xffffffbe fr.pc=0x000002374740996c relative=0x00000000000005ec
Event: 6181.600 Thread 0x0000023759ebc800 Uncommon trap: reason=profile_predicate action=maybe_recompile pc=0x000002374740996c method=org.apache.xerces.impl.XMLEntityScanner.skipString(Ljava/lang/String;)Z @ 189 c2
Event: 6181.600 Thread 0x0000023759ebc800 DEOPT PACKING pc=0x000002374740996c sp=0x0000008af5cf9930
Event: 6181.600 Thread 0x0000023759ebc800 DEOPT UNPACKING pc=0x000002373e90a1af sp=0x0000008af5cf98b0 mode 2
Event: 6181.612 Thread 0x0000023759ebc800 Uncommon trap: trap_request=0xffffffbe fr.pc=0x000002374740996c relative=0x00000000000005ec
Event: 6181.612 Thread 0x0000023759ebc800 Uncommon trap: reason=profile_predicate action=maybe_recompile pc=0x000002374740996c method=org.apache.xerces.impl.XMLEntityScanner.skipString(Ljava/lang/String;)Z @ 189 c2
Event: 6181.612 Thread 0x0000023759ebc800 DEOPT PACKING pc=0x000002374740996c sp=0x0000008af5cf9930
Event: 6181.612 Thread 0x0000023759ebc800 DEOPT UNPACKING pc=0x000002373e90a1af sp=0x0000008af5cf98b0 mode 2
Event: 6181.691 Thread 0x0000023759ebc800 Uncommon trap: trap_request=0xffffff4d fr.pc=0x00000237473fdfb8 relative=0x0000000000000098
Event: 6181.691 Thread 0x0000023759ebc800 Uncommon trap: reason=unstable_if action=reinterpret pc=0x00000237473fdfb8 method=org.apache.xerces.impl.XMLEntityScanner.peekChar()I @ 14 c2
Event: 6181.691 Thread 0x0000023759ebc800 DEOPT PACKING pc=0x00000237473fdfb8 sp=0x0000008af5cf9960
Event: 6181.691 Thread 0x0000023759ebc800 DEOPT UNPACKING pc=0x000002373e90a1af sp=0x0000008af5cf98f0 mode 2
Event: 6181.860 Thread 0x0000023759ebc800 Uncommon trap: trap_request=0xffffffbe fr.pc=0x000002374740996c relative=0x00000000000005ec
Event: 6181.860 Thread 0x0000023759ebc800 Uncommon trap: reason=profile_predicate action=maybe_recompile pc=0x000002374740996c method=org.apache.xerces.impl.XMLEntityScanner.skipString(Ljava/lang/String;)Z @ 189 c2
Event: 6181.860 Thread 0x0000023759ebc800 DEOPT PACKING pc=0x000002374740996c sp=0x0000008af5cf9930
Event: 6181.860 Thread 0x0000023759ebc800 DEOPT UNPACKING pc=0x000002373e90a1af sp=0x0000008af5cf98b0 mode 2

Classes redefined (0 events):
No events

Internal exceptions (20 events):
Event: 6174.131 Thread 0x000002375adcf000 Exception <a 'java/lang/ClassNotFoundException'{0x000000008edb8670}: com/android/build/gradle/internal/tasks/ListingFileRedirectTaskBeanInfo> (0x000000008edb8670) thrown at [src/hotspot/share/classfile/systemDictionary.cpp, line 230]
Event: 6174.131 Thread 0x000002375adcf000 Exception <a 'java/lang/ClassNotFoundException'{0x000000008edd3e70}: com/android/build/gradle/internal/tasks/ListingFileRedirectTaskCustomizer> (0x000000008edd3e70) thrown at [src/hotspot/share/classfile/systemDictionary.cpp, line 230]
Event: 6174.132 Thread 0x000002375adcf000 Exception <a 'java/lang/ClassNotFoundException'{0x000000008ec036c8}: com/android/build/gradle/internal/tasks/ListingFileRedirectTask_DecoratedCustomizer> (0x000000008ec036c8) thrown at [src/hotspot/share/classfile/systemDictionary.cpp, line 230]
Event: 6174.193 Thread 0x000002375adcf000 Exception <a 'java/lang/NoSuchMethodError'{0x000000008ece6ac8}: 'java.lang.Object java.lang.invoke.DelegatingMethodHandle$Holder.reinvoke_L(java.lang.Object, int, int, java.lang.Object, java.lang.Object, java.lang.Object)'> (0x000000008ece6ac8) thrown at [src/hotspot/share/interpreter/linkResolver.cpp, line 773]
Event: 6174.341 Thread 0x000002375add6000 Implicit null exception at 0x0000023747029a63 to 0x000002374702bff8
Event: 6174.348 Thread 0x000002375add6000 Exception <a 'java/lang/NoSuchMethodError'{0x000000008ea636c0}: <clinit>> (0x000000008ea636c0) thrown at [src/hotspot/share/prims/jni.cpp, line 1367]
Event: 6174.349 Thread 0x000002375add6000 Exception <a 'java/lang/NoSuchMethodError'{0x000000008ea6e0b0}: <clinit>> (0x000000008ea6e0b0) thrown at [src/hotspot/share/prims/jni.cpp, line 1367]
Event: 6174.415 Thread 0x0000023759ebb800 Exception <a 'sun/nio/fs/WindowsException'{0x000000008e94da70}> (0x000000008e94da70) thrown at [src/hotspot/share/prims/jni.cpp, line 617]
Event: 6174.416 Thread 0x0000023759ebb800 Exception <a 'sun/nio/fs/WindowsException'{0x000000008e94ebd8}> (0x000000008e94ebd8) thrown at [src/hotspot/share/prims/jni.cpp, line 617]
Event: 6174.726 Thread 0x000002375add6000 Exception <a 'java/lang/NoSuchMethodError'{0x000000008e222678}: <clinit>> (0x000000008e222678) thrown at [src/hotspot/share/prims/jni.cpp, line 1367]
Event: 6174.730 Thread 0x000002375add6000 Exception <a 'java/lang/NoSuchMethodError'{0x000000008e24abe0}: <clinit>> (0x000000008e24abe0) thrown at [src/hotspot/share/prims/jni.cpp, line 1367]
Event: 6174.730 Thread 0x000002375add6000 Exception <a 'java/lang/NoSuchMethodError'{0x000000008e24c0f8}: <clinit>> (0x000000008e24c0f8) thrown at [src/hotspot/share/prims/jni.cpp, line 1367]
Event: 6174.737 Thread 0x000002375add6000 Exception <a 'java/lang/NoSuchMethodError'{0x000000008e2b4ce0}: <clinit>> (0x000000008e2b4ce0) thrown at [src/hotspot/share/prims/jni.cpp, line 1367]
Event: 6174.817 Thread 0x000002375add6000 Exception <a 'java/lang/NoSuchMethodError'{0x000000008e0b77a0}: <clinit>> (0x000000008e0b77a0) thrown at [src/hotspot/share/prims/jni.cpp, line 1367]
Event: 6174.819 Thread 0x000002375a43d800 Exception <a 'java/lang/NoSuchMethodError'{0x000000008e0e2870}: <clinit>> (0x000000008e0e2870) thrown at [src/hotspot/share/prims/jni.cpp, line 1367]
Event: 6174.821 Thread 0x000002375a43d800 Exception <a 'java/lang/NoSuchMethodError'{0x000000008df25800}: <clinit>> (0x000000008df25800) thrown at [src/hotspot/share/prims/jni.cpp, line 1367]
Event: 6174.825 Thread 0x000002375a43d800 Exception <a 'java/lang/NoSuchMethodError'{0x000000008df73320}: <clinit>> (0x000000008df73320) thrown at [src/hotspot/share/prims/jni.cpp, line 1367]
Event: 6174.831 Thread 0x0000023759ebb800 Exception <a 'java/lang/NoSuchMethodError'{0x000000008dfaa028}: 'int java.lang.invoke.DirectMethodHandle$Holder.invokeSpecial(java.lang.Object, java.lang.Object, java.lang.Object, java.lang.Object, java.lang.Object)'> (0x000000008dfaa028) thrown at [src/hotspot/share/interpreter/linkResolver.cpp, line 773]
Event: 6176.186 Thread 0x0000023759ebb800 Exception <a 'java/lang/NoSuchMethodError'{0x000000008ee96510}: 'java.lang.Object java.lang.invoke.DirectMethodHandle$Holder.invokeStatic(java.lang.Object, java.lang.Object, java.lang.Object, java.lang.Object, java.lang.Object, java.lang.Object, java.lang.Object, java.lang.Object, java.lang.Object, java.lang.Object, java.lang.Object, java.lang.Object, java.lang.Object, java.lang.Object, java.lang.Object, int)'> (0x000000008ee96510) thrown at [src/hotspot/share/interpreter/linkResolver.cpp, line 773]
Event: 6176.229 Thread 0x0000023759ebc800 Exception <a 'java/lang/NoSuchMethodError'{0x000000008ed96a48}: 'void java.lang.invoke.DirectMethodHandle$Holder.invokeInterface(java.lang.Object, java.lang.Object, java.lang.Object, java.lang.Object)'> (0x000000008ed96a48) thrown at [src/hotspot/share/interpreter/linkResolver.cpp, line 773]

Events (20 events):
Event: 6177.690 loading class com/android/resources/UiMode done
Event: 6177.691 loading class com/android/resources/NightMode
Event: 6177.691 loading class com/android/resources/NightMode done
Event: 6177.695 loading class com/android/resources/TouchScreen
Event: 6177.695 loading class com/android/resources/TouchScreen done
Event: 6177.695 loading class com/android/resources/KeyboardState
Event: 6177.695 loading class com/android/resources/KeyboardState done
Event: 6177.696 loading class com/android/resources/Keyboard
Event: 6177.696 loading class com/android/resources/Keyboard done
Event: 6177.697 loading class com/android/resources/NavigationState
Event: 6177.697 loading class com/android/resources/NavigationState done
Event: 6177.697 loading class com/android/resources/Navigation
Event: 6177.697 loading class com/android/resources/Navigation done
Event: 6180.292 Executing VM operation: G1CollectForAllocation
Event: 6180.298 Executing VM operation: G1CollectForAllocation done
Event: 6181.064 Executing VM operation: G1CollectForAllocation
Event: 6181.074 Executing VM operation: G1CollectForAllocation done
Event: 6181.531 Thread 0x000002375e32f000 Thread added: 0x000002375e32f000
Event: 6181.834 Executing VM operation: ICBufferFull
Event: 6181.834 Executing VM operation: ICBufferFull done


Dynamic libraries:
0x00007ff6205e0000 - 0x00007ff6205ea000 	D:\Android Studio 2022\jbr\bin\java.exe
0x00007ffa83310000 - 0x00007ffa83508000 	C:\Windows\SYSTEM32\ntdll.dll
0x00007ffa82e80000 - 0x00007ffa82f3f000 	C:\Windows\System32\KERNEL32.DLL
0x00007ffa80bc0000 - 0x00007ffa80e92000 	C:\Windows\System32\KERNELBASE.dll
0x00007ffa81bf0000 - 0x00007ffa81c9e000 	C:\Windows\System32\ADVAPI32.DLL
0x00007ffa81d00000 - 0x00007ffa81d9e000 	C:\Windows\System32\msvcrt.dll
0x00007ffa831b0000 - 0x00007ffa8324c000 	C:\Windows\System32\sechost.dll
0x00007ffa81360000 - 0x00007ffa81484000 	C:\Windows\System32\RPCRT4.dll
0x00007ffa80ac0000 - 0x00007ffa80bc0000 	C:\Windows\System32\ucrtbase.dll
0x00007ffa69600000 - 0x00007ffa69617000 	D:\Android Studio 2022\jbr\bin\jli.dll
0x00007ffa695e0000 - 0x00007ffa695fb000 	D:\Android Studio 2022\jbr\bin\VCRUNTIME140.dll
0x00007ffa82cd0000 - 0x00007ffa82e71000 	C:\Windows\System32\USER32.dll
0x00007ffa81000000 - 0x00007ffa81022000 	C:\Windows\System32\win32u.dll
0x00007ffa814a0000 - 0x00007ffa814cb000 	C:\Windows\System32\GDI32.dll
0x00007ffa810c0000 - 0x00007ffa811cf000 	C:\Windows\System32\gdi32full.dll
0x00007ffa74df0000 - 0x00007ffa7508a000 	C:\Windows\WinSxS\amd64_microsoft.windows.common-controls_6595b64144ccf1df_6.0.19041.1110_none_60b5254171f9507e\COMCTL32.dll
0x00007ffa80f60000 - 0x00007ffa80ffd000 	C:\Windows\System32\msvcp_win.dll
0x00007ffa81da0000 - 0x00007ffa81dd0000 	C:\Windows\System32\IMM32.DLL
0x00007ffa695d0000 - 0x00007ffa695dc000 	D:\Android Studio 2022\jbr\bin\vcruntime140_1.dll
0x00007ffa69540000 - 0x00007ffa695cd000 	D:\Android Studio 2022\jbr\bin\msvcp140.dll
0x00007ff9fdb00000 - 0x00007ff9fe6bc000 	D:\Android Studio 2022\jbr\bin\server\jvm.dll
0x00007ffa832c0000 - 0x00007ffa832c8000 	C:\Windows\System32\PSAPI.DLL
0x00007ffa7a750000 - 0x00007ffa7a75a000 	C:\Windows\SYSTEM32\VERSION.dll
0x00007ffa75e90000 - 0x00007ffa75eb7000 	C:\Windows\SYSTEM32\WINMM.dll
0x00007ffa4e310000 - 0x00007ffa4e319000 	C:\Windows\SYSTEM32\WSOCK32.dll
0x00007ffa83250000 - 0x00007ffa832bb000 	C:\Windows\System32\WS2_32.dll
0x00007ffa7e8b0000 - 0x00007ffa7e8c2000 	C:\Windows\SYSTEM32\kernel.appcore.dll
0x00007ffa6a060000 - 0x00007ffa6a070000 	D:\Android Studio 2022\jbr\bin\verify.dll
0x00007ffa79780000 - 0x00007ffa79964000 	C:\Windows\SYSTEM32\DBGHELP.DLL
0x00007ffa6e0d0000 - 0x00007ffa6e105000 	C:\Windows\SYSTEM32\dbgcore.DLL
0x00007ffa81030000 - 0x00007ffa810b2000 	C:\Windows\System32\bcryptPrimitives.dll
0x00007ffa68d60000 - 0x00007ffa68d88000 	D:\Android Studio 2022\jbr\bin\java.dll
0x00007ffa6a050000 - 0x00007ffa6a05a000 	D:\Android Studio 2022\jbr\bin\jimage.dll
0x00007ffa69ff0000 - 0x00007ffa6a008000 	D:\Android Studio 2022\jbr\bin\zip.dll
0x00007ffa820b0000 - 0x00007ffa827f5000 	C:\Windows\System32\SHELL32.dll
0x00007ffa7eab0000 - 0x00007ffa7f242000 	C:\Windows\SYSTEM32\windows.storage.dll
0x00007ffa82970000 - 0x00007ffa82cc5000 	C:\Windows\System32\combase.dll
0x00007ffa80390000 - 0x00007ffa803c0000 	C:\Windows\SYSTEM32\Wldp.dll
0x00007ffa81dd0000 - 0x00007ffa81e7d000 	C:\Windows\System32\SHCORE.dll
0x00007ffa82890000 - 0x00007ffa828e5000 	C:\Windows\System32\shlwapi.dll
0x00007ffa80950000 - 0x00007ffa8096f000 	C:\Windows\SYSTEM32\profapi.dll
0x00007ffa69520000 - 0x00007ffa69539000 	D:\Android Studio 2022\jbr\bin\net.dll
0x00007ffa7a3b0000 - 0x00007ffa7a4ba000 	C:\Windows\SYSTEM32\WINHTTP.dll
0x00007ffa80170000 - 0x00007ffa801da000 	C:\Windows\system32\mswsock.dll
0x00007ffa68ff0000 - 0x00007ffa69003000 	D:\Android Studio 2022\jbr\bin\nio.dll
0x00007ffa69690000 - 0x00007ffa696b7000 	D:\Emulator\native\e1d6ef7f7dcc3fd88c89a11ec53ec762bb8ba0a96d01ffa2cd45eb1d1d8dd5c5\windows-amd64\native-platform.dll
0x00007ffa41e10000 - 0x00007ffa41f54000 	D:\Emulator\native\0d407fdbe67a94daf76414ababcb853783967236a71b16ec16e742cd7a986fd3\windows-amd64\native-platform-file-events.dll
0x00007ffa69680000 - 0x00007ffa6968a000 	D:\Android Studio 2022\jbr\bin\management.dll
0x00007ffa69090000 - 0x00007ffa6909b000 	D:\Android Studio 2022\jbr\bin\management_ext.dll
0x00007ffa803d0000 - 0x00007ffa803e8000 	C:\Windows\SYSTEM32\CRYPTSP.dll
0x00007ffa7fa40000 - 0x00007ffa7fa74000 	C:\Windows\system32\rsaenh.dll
0x00007ffa81330000 - 0x00007ffa81357000 	C:\Windows\System32\bcrypt.dll
0x00007ffa80910000 - 0x00007ffa8093e000 	C:\Windows\SYSTEM32\USERENV.dll
0x00007ffa80300000 - 0x00007ffa8030c000 	C:\Windows\SYSTEM32\CRYPTBASE.dll
0x00007ffa7fe30000 - 0x00007ffa7fe6b000 	C:\Windows\SYSTEM32\IPHLPAPI.DLL
0x00007ffa83140000 - 0x00007ffa83148000 	C:\Windows\System32\NSI.dll
0x00007ffa7acf0000 - 0x00007ffa7ad07000 	C:\Windows\SYSTEM32\dhcpcsvc6.DLL
0x00007ffa7acd0000 - 0x00007ffa7aced000 	C:\Windows\SYSTEM32\dhcpcsvc.DLL
0x00007ffa7fe80000 - 0x00007ffa7ff4b000 	C:\Windows\SYSTEM32\DNSAPI.dll
0x00007ffa65550000 - 0x00007ffa65577000 	D:\Android Studio 2022\jbr\bin\sunec.dll
0x00007ffa79ab0000 - 0x00007ffa79aba000 	C:\Windows\System32\rasadhlp.dll
0x00007ffa78250000 - 0x00007ffa782d0000 	C:\Windows\System32\fwpuclnt.dll

dbghelp: loaded successfully - version: 4.0.5 - missing functions: none
symbol engine: initialized successfully - sym options: 0x614 - pdb path: .;D:\Android Studio 2022\jbr\bin;C:\Windows\SYSTEM32;C:\Windows\WinSxS\amd64_microsoft.windows.common-controls_6595b64144ccf1df_6.0.19041.1110_none_60b5254171f9507e;D:\Android Studio 2022\jbr\bin\server;D:\Emulator\native\e1d6ef7f7dcc3fd88c89a11ec53ec762bb8ba0a96d01ffa2cd45eb1d1d8dd5c5\windows-amd64;D:\Emulator\native\0d407fdbe67a94daf76414ababcb853783967236a71b16ec16e742cd7a986fd3\windows-amd64

VM Arguments:
jvm_args: --add-opens=java.base/java.util=ALL-UNNAMED --add-opens=java.base/java.lang=ALL-UNNAMED --add-opens=java.base/java.lang.invoke=ALL-UNNAMED --add-opens=java.base/java.util=ALL-UNNAMED --add-opens=java.prefs/java.util.prefs=ALL-UNNAMED --add-opens=java.prefs/java.util.prefs=ALL-UNNAMED --add-opens=java.base/java.nio.charset=ALL-UNNAMED --add-opens=java.base/java.net=ALL-UNNAMED --add-opens=java.base/java.util.concurrent.atomic=ALL-UNNAMED -Xmx2048m -Dfile.encoding=UTF-8 -Duser.country=US -Duser.language=en -Duser.variant 
java_command: org.gradle.launcher.daemon.bootstrap.GradleDaemon 7.5
java_class_path (initial): D:\Emulator\wrapper\dists\gradle-7.5-bin\f1w0cc9nuo0eivz97x2xlu9sv\gradle-7.5\lib\gradle-launcher-7.5.jar
Launcher Type: SUN_STANDARD

[Global flags]
     intx CICompilerCount                          = 3                                         {product} {ergonomic}
     uint ConcGCThreads                            = 1                                         {product} {ergonomic}
     uint G1ConcRefinementThreads                  = 4                                         {product} {ergonomic}
   size_t G1HeapRegionSize                         = 1048576                                   {product} {ergonomic}
    uintx GCDrainStackTargetSize                   = 64                                        {product} {ergonomic}
   size_t InitialHeapSize                          = 268435456                                 {product} {ergonomic}
   size_t MarkStackSize                            = 4194304                                   {product} {ergonomic}
   size_t MaxHeapSize                              = 2147483648                                {product} {command line}
   size_t MaxNewSize                               = 1287651328                                {product} {ergonomic}
   size_t MinHeapDeltaBytes                        = 1048576                                   {product} {ergonomic}
    uintx NonNMethodCodeHeapSize                   = 5830732                                {pd product} {ergonomic}
    uintx NonProfiledCodeHeapSize                  = 122913754                              {pd product} {ergonomic}
    uintx ProfiledCodeHeapSize                     = 122913754                              {pd product} {ergonomic}
    uintx ReservedCodeCacheSize                    = 251658240                              {pd product} {ergonomic}
     bool SegmentedCodeCache                       = true                                      {product} {ergonomic}
     bool UseCompressedClassPointers               = true                                 {lp64_product} {ergonomic}
     bool UseCompressedOops                        = true                                 {lp64_product} {ergonomic}
     bool UseG1GC                                  = true                                      {product} {ergonomic}
     bool UseLargePagesIndividualAllocation        = false                                  {pd product} {ergonomic}

Logging:
Log output configuration:
 #0: stdout all=warning uptime,level,tags
 #1: stderr all=off uptime,level,tags

Environment Variables:
JAVA_HOME=C:\Program Files\Java\jdk-17.0.2
PATH=C:\Program Files\Common Files\Oracle\Java\javapath;C:\Program Files (x86)\Common Files\Oracle\Java\javapath;C:\ProgramData\Oracle\Java\javapath;C:\Windows\system32;C:\Windows;C:\Windows\System32\Wbem;C:\Windows\System32\WindowsPowerShell\v1.0\;C:\Windows\System32\OpenSSH\;C:\Program Files\Git\cmd;C:\Program Files\dotnet\;C:\Program Files\Microsoft SQL Server\Client SDK\ODBC\170\Tools\Binn\;C:\Program Files (x86)\Microsoft SQL Server\150\Tools\Binn\;C:\Program Files\Microsoft SQL Server\150\Tools\Binn\;C:\Program Files\Microsoft SQL Server\150\DTS\Binn\;C:\Program Files (x86)\Microsoft SQL Server\150\DTS\Binn\;C:\Program Files\Azure Data Studio\bin;C:\Program Files\PuTTY\;C:\Program Files\NVIDIA Corporation\NVIDIA NvDLISR;C:\Program Files (x86)\NVIDIA Corporation\PhysX\Common;C:\Program Files\Microsoft SQL Server\130\Tools\Binn\;D:\Node js\;C:\Program Files\Go\bin;C:\Users\Evertz Hamilton\AppData\Local\Programs\Python\Python310\Scripts\;C:\Users\Evertz Hamilton\AppData\Local\Programs\Python\Python310\;C:\Program Files\MySQL\MySQL Shell 8.0\bin\;C:\Users\Evertz Hamilton\AppData\Local\Microsoft\WindowsApps;C:\Users\Evertz Hamilton\.dotnet\tools;C:\Program Files\Azure Data Studio\bin;C:\Users\Evertz Hamilton\AppData\Local\atom\bin;C:\Users\Evertz Hamilton\.dotnet\tools;D:\PyCharm 2022.1.3\bin;;D:\PyCharm Community Edition 2022.1.3\bin;;D:\Microsoft VS Code\bin;C:\Users\Evertz Hamilton\AppData\Roaming\npm;C:\Program Files\MongoDB\Server\5.0\bin;C:\Users\Evertz Hamilton\go;;D:\IntelliJ IDEA Community Edition 2022.3.2\bin;
USERNAME=Evertz Hamilton
OS=Windows_NT
PROCESSOR_IDENTIFIER=AMD64 Family 23 Model 24 Stepping 1, AuthenticAMD



---------------  S Y S T E M  ---------------

OS: Windows 10 , 64 bit Build 19041 (10.0.19041.2546)
OS uptime: 0 days 17:44 hours
Hyper-V role detected

CPU:total 4 (initial active 4) (4 cores per cpu, 1 threads per core) family 23 model 24 stepping 1 microcode 0x0, cmov, cx8, fxsr, mmx, sse, sse2, sse3, ssse3, sse4.1, sse4.2, popcnt, avx, avx2, aes, clmul, mmxext, 3dnowpref, lzcnt, sse4a, tsc, tscinvbit, tscinv, bmi1, bmi2, adx, sha, fma

Memory: 4k page, system-wide physical 16325M (1038M free)
TotalPageFile size 29049M (AvailPageFile size 2M)
current process WorkingSet (physical memory assigned to process): 458M, peak: 601M
current process commit charge ("private bytes"): 618M, peak: 641M

vm_info: OpenJDK 64-Bit Server VM (11.0.15+0-b2043.56-9505619) for windows-amd64 JRE (11.0.15+0-b2043.56-9505619), built on Jan 19 2023 02:48:00 by "builduser" with unknown MS VC++:1929

END.
