#
# There is insufficient memory for the Java Runtime Environment to continue.
# Native memory allocation (malloc) failed to allocate 1283056 bytes for Chunk::new
# Possible reasons:
#   The system is out of physical RAM or swap space
#   The process is running with CompressedOops enabled, and the Java Heap may be blocking the growth of the native heap
# Possible solutions:
#   Reduce memory load on the system
#   Increase physical memory or swap space
#   Check if swap backing store is full
#   Decrease Java heap size (-Xmx/-Xms)
#   Decrease number of Java threads
#   Decrease Java thread stack sizes (-Xss)
#   Set larger code cache with -XX:ReservedCodeCacheSize=
#   JVM is running with Unscaled Compressed Oops mode in which the Java heap is
#     placed in the first 4GB address space. The Java Heap base address is the
#     maximum limit for the native heap growth. Please use -XX:HeapBaseMinAddress
#     to set the Java Heap base and to place the Java Heap above 4GB virtual address.
# This output file may be truncated or incomplete.
#
#  Out of Memory Error (src/hotspot/share/memory/arena.cpp:197), pid=2416, tid=26204
#
# JRE version: OpenJDK Runtime Environment (11.0.15) (build 11.0.15+0-b2043.56-9505619)
# Java VM: OpenJDK 64-Bit Server VM (11.0.15+0-b2043.56-9505619, mixed mode, tiered, compressed oops, g1 gc, windows-amd64)
# No core dump will be written. Minidumps are not enabled by default on client versions of Windows
#

---------------  S U M M A R Y ------------

Command Line: --add-opens=java.base/java.util=ALL-UNNAMED --add-opens=java.base/java.lang=ALL-UNNAMED --add-opens=java.base/java.lang.invoke=ALL-UNNAMED --add-opens=java.base/java.util=ALL-UNNAMED --add-opens=java.prefs/java.util.prefs=ALL-UNNAMED --add-opens=java.prefs/java.util.prefs=ALL-UNNAMED --add-opens=java.base/java.nio.charset=ALL-UNNAMED --add-opens=java.base/java.net=ALL-UNNAMED --add-opens=java.base/java.util.concurrent.atomic=ALL-UNNAMED -Xmx2048m -Dfile.encoding=UTF-8 -Duser.country=US -Duser.language=en -Duser.variant org.gradle.launcher.daemon.bootstrap.GradleDaemon 7.5

Host: AMD Ryzen 3 3200G with Radeon Vega Graphics    , 4 cores, 15G,  Windows 10 , 64 bit Build 19041 (10.0.19041.2546)
Time: Tue Apr  4 01:35:44 2023 SA Western Standard Time elapsed time: 29.005738 seconds (0d 0h 0m 29s)

---------------  T H R E A D  ---------------

Current thread (0x00000232bb700000):  JavaThread "C2 CompilerThread0" daemon [_thread_in_native, id=26204, stack(0x000000a718400000,0x000000a718500000)]


Current CompileTask:
C2:  29005 1972   !   4       java.lang.ClassLoader::loadClass (122 bytes)

Stack: [0x000000a718400000,0x000000a718500000]
Native frames: (J=compiled Java code, j=interpreted, Vv=VM code, C=native code)
V  [jvm.dll+0x64135a]
V  [jvm.dll+0x7d39f9]
V  [jvm.dll+0x7d51b9]
V  [jvm.dll+0x7d58a3]
V  [jvm.dll+0x2691c5]
V  [jvm.dll+0xc1a5c]
V  [jvm.dll+0xc200c]
V  [jvm.dll+0x377462]
V  [jvm.dll+0x342495]
V  [jvm.dll+0x34186a]
V  [jvm.dll+0x2214bd]
V  [jvm.dll+0x220498]
V  [jvm.dll+0x19e851]
V  [jvm.dll+0x230479]
V  [jvm.dll+0x22e5ef]
V  [jvm.dll+0x794de1]
V  [jvm.dll+0x78dc24]
V  [jvm.dll+0x6400f6]
C  [ucrtbase.dll+0x21bb2]
C  [KERNEL32.DLL+0x17614]
C  [ntdll.dll+0x526a1]


---------------  P R O C E S S  ---------------

Threads class SMR info:
_java_thread_list=0x00000232bcdd44c0, length=22, elements={
0x000002329f2b6800, 0x00000232bb698800, 0x00000232bb69b800, 0x00000232bb6f8800,
0x00000232bb6fa000, 0x00000232bb6fb800, 0x00000232bb700000, 0x00000232bb705000,
0x00000232bb709000, 0x00000232bb868000, 0x00000232be121800, 0x00000232bccc0800,
0x00000232bc19b800, 0x00000232bc97c800, 0x00000232bc97d000, 0x00000232bcb89000,
0x00000232bcd24000, 0x00000232bcd25000, 0x00000232bd7df800, 0x00000232bcb30800,
0x00000232bc1e7800, 0x00000232bc1e9000
}

Java Threads: ( => current thread )
  0x000002329f2b6800 JavaThread "main" [_thread_blocked, id=31792, stack(0x000000a717800000,0x000000a717900000)]
  0x00000232bb698800 JavaThread "Reference Handler" daemon [_thread_blocked, id=36496, stack(0x000000a717f00000,0x000000a718000000)]
  0x00000232bb69b800 JavaThread "Finalizer" daemon [_thread_blocked, id=23444, stack(0x000000a718000000,0x000000a718100000)]
  0x00000232bb6f8800 JavaThread "Signal Dispatcher" daemon [_thread_blocked, id=19728, stack(0x000000a718100000,0x000000a718200000)]
  0x00000232bb6fa000 JavaThread "Attach Listener" daemon [_thread_blocked, id=23364, stack(0x000000a718200000,0x000000a718300000)]
  0x00000232bb6fb800 JavaThread "Service Thread" daemon [_thread_blocked, id=1336, stack(0x000000a718300000,0x000000a718400000)]
=>0x00000232bb700000 JavaThread "C2 CompilerThread0" daemon [_thread_in_native, id=26204, stack(0x000000a718400000,0x000000a718500000)]
  0x00000232bb705000 JavaThread "C1 CompilerThread0" daemon [_thread_blocked, id=28276, stack(0x000000a718500000,0x000000a718600000)]
  0x00000232bb709000 JavaThread "Sweeper thread" daemon [_thread_blocked, id=22332, stack(0x000000a718600000,0x000000a718700000)]
  0x00000232bb868000 JavaThread "Common-Cleaner" daemon [_thread_blocked, id=36664, stack(0x000000a718700000,0x000000a718800000)]
  0x00000232be121800 JavaThread "Daemon health stats" [_thread_blocked, id=10228, stack(0x000000a718c00000,0x000000a718d00000)]
  0x00000232bccc0800 JavaThread "Incoming local TCP Connector on port 65062" [_thread_in_native, id=29740, stack(0x000000a718d00000,0x000000a718e00000)]
  0x00000232bc19b800 JavaThread "Daemon periodic checks" [_thread_blocked, id=12404, stack(0x000000a718e00000,0x000000a718f00000)]
  0x00000232bc97c800 JavaThread "Daemon" [_thread_blocked, id=34556, stack(0x000000a718f00000,0x000000a719000000)]
  0x00000232bc97d000 JavaThread "Handler for socket connection from /127.0.0.1:65062 to /127.0.0.1:65063" [_thread_in_native, id=24952, stack(0x000000a719000000,0x000000a719100000)]
  0x00000232bcb89000 JavaThread "Cancel handler" [_thread_blocked, id=31332, stack(0x000000a719100000,0x000000a719200000)]
  0x00000232bcd24000 JavaThread "Daemon worker" [_thread_in_vm, id=34040, stack(0x000000a719200000,0x000000a719300000)]
  0x00000232bcd25000 JavaThread "Asynchronous log dispatcher for DefaultDaemonConnection: socket connection from /127.0.0.1:65062 to /127.0.0.1:65063" [_thread_blocked, id=34632, stack(0x000000a719300000,0x000000a719400000)]
  0x00000232bd7df800 JavaThread "Stdin handler" [_thread_blocked, id=7784, stack(0x000000a719400000,0x000000a719500000)]
  0x00000232bcb30800 JavaThread "Daemon client event forwarder" [_thread_blocked, id=29308, stack(0x000000a719500000,0x000000a719600000)]
  0x00000232bc1e7800 JavaThread "Cache worker for journal cache (D:\Emulator\caches\journal-1)" [_thread_blocked, id=29196, stack(0x000000a719600000,0x000000a719700000)]
  0x00000232bc1e9000 JavaThread "File lock request listener" [_thread_in_native, id=3396, stack(0x000000a719700000,0x000000a719800000)]

Other Threads:
  0x00000232bae6d000 VMThread "VM Thread" [stack: 0x000000a717e00000,0x000000a717f00000] [id=35728]
  0x00000232bb870000 WatcherThread [stack: 0x000000a718800000,0x000000a718900000] [id=5724]
  0x000002329f2cd800 GCTaskThread "GC Thread#0" [stack: 0x000000a717900000,0x000000a717a00000] [id=15988]
  0x00000232bbe5f800 GCTaskThread "GC Thread#1" [stack: 0x000000a718900000,0x000000a718a00000] [id=32772]
  0x00000232bbe60000 GCTaskThread "GC Thread#2" [stack: 0x000000a718a00000,0x000000a718b00000] [id=27380]
  0x00000232bbe61000 GCTaskThread "GC Thread#3" [stack: 0x000000a718b00000,0x000000a718c00000] [id=29096]
  0x000002329f301000 ConcurrentGCThread "G1 Main Marker" [stack: 0x000000a717a00000,0x000000a717b00000] [id=10992]
  0x000002329f302000 ConcurrentGCThread "G1 Conc#0" [stack: 0x000000a717b00000,0x000000a717c00000] [id=17840]
  0x00000232bacde800 ConcurrentGCThread "G1 Refine#0" [stack: 0x000000a717c00000,0x000000a717d00000] [id=32020]
  0x00000232bacdf800 ConcurrentGCThread "G1 Young RemSet Sampling" [stack: 0x000000a717d00000,0x000000a717e00000] [id=16044]

Threads with active compile tasks:
C2 CompilerThread0    29046 1972   !   4       java.lang.ClassLoader::loadClass (122 bytes)

VM state:not at safepoint (normal execution)

VM Mutex/Monitor currently owned by a thread:  ([mutex/lock_event])
[0x000002329f2b1340] SymbolTable_lock - owner thread: 0x00000232bcd24000

Heap address: 0x0000000080000000, size: 2048 MB, Compressed Oops mode: 32-bit
Narrow klass base: 0x0000000000000000, Narrow klass shift: 3
Compressed class space size: 1073741824 Address: 0x0000000100000000

Heap:
 garbage-first heap   total 262144K, used 38484K [0x0000000080000000, 0x0000000100000000)
  region size 1024K, 34 young (34816K), 11 survivors (11264K)
 Metaspace       used 20742K, capacity 21153K, committed 21296K, reserved 1069056K
  class space    used 2512K, capacity 2651K, committed 2688K, reserved 1048576K
Heap Regions: E=young(eden), S=young(survivor), O=old, HS=humongous(starts), HC=humongous(continues), CS=collection set, F=free, A=archive, TAMS=top-at-mark-start (previous, next)
|   0|0x0000000080000000, 0x0000000080100000, 0x0000000080100000|100%|HS|  |TAMS 0x0000000080000000, 0x0000000080000000| Complete 
|   1|0x0000000080100000, 0x0000000080200000, 0x0000000080200000|100%|HC|  |TAMS 0x0000000080100000, 0x0000000080100000| Complete 
|   2|0x0000000080200000, 0x0000000080300000, 0x0000000080300000|100%|HC|  |TAMS 0x0000000080200000, 0x0000000080200000| Complete 
|   3|0x0000000080300000, 0x0000000080400000, 0x0000000080400000|100%| O|  |TAMS 0x0000000080300000, 0x0000000080300000| Untracked 
|   4|0x0000000080400000, 0x0000000080500000, 0x0000000080500000|100%| O|  |TAMS 0x0000000080400000, 0x0000000080400000| Untracked 
|   5|0x0000000080500000, 0x0000000080521200, 0x0000000080600000| 12%| O|  |TAMS 0x0000000080500000, 0x0000000080500000| Untracked 
|   6|0x0000000080600000, 0x0000000080600000, 0x0000000080700000|  0%| F|  |TAMS 0x0000000080600000, 0x0000000080600000| Untracked 
|   7|0x0000000080700000, 0x0000000080700000, 0x0000000080800000|  0%| F|  |TAMS 0x0000000080700000, 0x0000000080700000| Untracked 
|   8|0x0000000080800000, 0x0000000080800000, 0x0000000080900000|  0%| F|  |TAMS 0x0000000080800000, 0x0000000080800000| Untracked 
|   9|0x0000000080900000, 0x0000000080900000, 0x0000000080a00000|  0%| F|  |TAMS 0x0000000080900000, 0x0000000080900000| Untracked 
|  10|0x0000000080a00000, 0x0000000080a00000, 0x0000000080b00000|  0%| F|  |TAMS 0x0000000080a00000, 0x0000000080a00000| Untracked 
|  11|0x0000000080b00000, 0x0000000080b00000, 0x0000000080c00000|  0%| F|  |TAMS 0x0000000080b00000, 0x0000000080b00000| Untracked 
|  12|0x0000000080c00000, 0x0000000080c00000, 0x0000000080d00000|  0%| F|  |TAMS 0x0000000080c00000, 0x0000000080c00000| Untracked 
|  13|0x0000000080d00000, 0x0000000080d00000, 0x0000000080e00000|  0%| F|  |TAMS 0x0000000080d00000, 0x0000000080d00000| Untracked 
|  14|0x0000000080e00000, 0x0000000080e00000, 0x0000000080f00000|  0%| F|  |TAMS 0x0000000080e00000, 0x0000000080e00000| Untracked 
|  15|0x0000000080f00000, 0x0000000080f00000, 0x0000000081000000|  0%| F|  |TAMS 0x0000000080f00000, 0x0000000080f00000| Untracked 
|  16|0x0000000081000000, 0x0000000081000000, 0x0000000081100000|  0%| F|  |TAMS 0x0000000081000000, 0x0000000081000000| Untracked 
|  17|0x0000000081100000, 0x0000000081100000, 0x0000000081200000|  0%| F|  |TAMS 0x0000000081100000, 0x0000000081100000| Untracked 
|  18|0x0000000081200000, 0x0000000081200000, 0x0000000081300000|  0%| F|  |TAMS 0x0000000081200000, 0x0000000081200000| Untracked 
|  19|0x0000000081300000, 0x0000000081300000, 0x0000000081400000|  0%| F|  |TAMS 0x0000000081300000, 0x0000000081300000| Untracked 
|  20|0x0000000081400000, 0x0000000081400000, 0x0000000081500000|  0%| F|  |TAMS 0x0000000081400000, 0x0000000081400000| Untracked 
|  21|0x0000000081500000, 0x0000000081500000, 0x0000000081600000|  0%| F|  |TAMS 0x0000000081500000, 0x0000000081500000| Untracked 
|  22|0x0000000081600000, 0x0000000081600000, 0x0000000081700000|  0%| F|  |TAMS 0x0000000081600000, 0x0000000081600000| Untracked 
|  23|0x0000000081700000, 0x0000000081700000, 0x0000000081800000|  0%| F|  |TAMS 0x0000000081700000, 0x0000000081700000| Untracked 
|  24|0x0000000081800000, 0x0000000081800000, 0x0000000081900000|  0%| F|  |TAMS 0x0000000081800000, 0x0000000081800000| Untracked 
|  25|0x0000000081900000, 0x0000000081900000, 0x0000000081a00000|  0%| F|  |TAMS 0x0000000081900000, 0x0000000081900000| Untracked 
|  26|0x0000000081a00000, 0x0000000081a00000, 0x0000000081b00000|  0%| F|  |TAMS 0x0000000081a00000, 0x0000000081a00000| Untracked 
|  27|0x0000000081b00000, 0x0000000081b00000, 0x0000000081c00000|  0%| F|  |TAMS 0x0000000081b00000, 0x0000000081b00000| Untracked 
|  28|0x0000000081c00000, 0x0000000081c00000, 0x0000000081d00000|  0%| F|  |TAMS 0x0000000081c00000, 0x0000000081c00000| Untracked 
|  29|0x0000000081d00000, 0x0000000081d00000, 0x0000000081e00000|  0%| F|  |TAMS 0x0000000081d00000, 0x0000000081d00000| Untracked 
|  30|0x0000000081e00000, 0x0000000081e00000, 0x0000000081f00000|  0%| F|  |TAMS 0x0000000081e00000, 0x0000000081e00000| Untracked 
|  31|0x0000000081f00000, 0x0000000081f00000, 0x0000000082000000|  0%| F|  |TAMS 0x0000000081f00000, 0x0000000081f00000| Untracked 
|  32|0x0000000082000000, 0x0000000082000000, 0x0000000082100000|  0%| F|  |TAMS 0x0000000082000000, 0x0000000082000000| Untracked 
|  33|0x0000000082100000, 0x0000000082100000, 0x0000000082200000|  0%| F|  |TAMS 0x0000000082100000, 0x0000000082100000| Untracked 
|  34|0x0000000082200000, 0x0000000082200000, 0x0000000082300000|  0%| F|  |TAMS 0x0000000082200000, 0x0000000082200000| Untracked 
|  35|0x0000000082300000, 0x0000000082300000, 0x0000000082400000|  0%| F|  |TAMS 0x0000000082300000, 0x0000000082300000| Untracked 
|  36|0x0000000082400000, 0x0000000082400000, 0x0000000082500000|  0%| F|  |TAMS 0x0000000082400000, 0x0000000082400000| Untracked 
|  37|0x0000000082500000, 0x0000000082500000, 0x0000000082600000|  0%| F|  |TAMS 0x0000000082500000, 0x0000000082500000| Untracked 
|  38|0x0000000082600000, 0x0000000082600000, 0x0000000082700000|  0%| F|  |TAMS 0x0000000082600000, 0x0000000082600000| Untracked 
|  39|0x0000000082700000, 0x0000000082700000, 0x0000000082800000|  0%| F|  |TAMS 0x0000000082700000, 0x0000000082700000| Untracked 
|  40|0x0000000082800000, 0x0000000082800000, 0x0000000082900000|  0%| F|  |TAMS 0x0000000082800000, 0x0000000082800000| Untracked 
|  41|0x0000000082900000, 0x0000000082900000, 0x0000000082a00000|  0%| F|  |TAMS 0x0000000082900000, 0x0000000082900000| Untracked 
|  42|0x0000000082a00000, 0x0000000082a00000, 0x0000000082b00000|  0%| F|  |TAMS 0x0000000082a00000, 0x0000000082a00000| Untracked 
|  43|0x0000000082b00000, 0x0000000082b00000, 0x0000000082c00000|  0%| F|  |TAMS 0x0000000082b00000, 0x0000000082b00000| Untracked 
|  44|0x0000000082c00000, 0x0000000082c00000, 0x0000000082d00000|  0%| F|  |TAMS 0x0000000082c00000, 0x0000000082c00000| Untracked 
|  45|0x0000000082d00000, 0x0000000082d00000, 0x0000000082e00000|  0%| F|  |TAMS 0x0000000082d00000, 0x0000000082d00000| Untracked 
|  46|0x0000000082e00000, 0x0000000082e00000, 0x0000000082f00000|  0%| F|  |TAMS 0x0000000082e00000, 0x0000000082e00000| Untracked 
|  47|0x0000000082f00000, 0x0000000082f00000, 0x0000000083000000|  0%| F|  |TAMS 0x0000000082f00000, 0x0000000082f00000| Untracked 
|  48|0x0000000083000000, 0x0000000083000000, 0x0000000083100000|  0%| F|  |TAMS 0x0000000083000000, 0x0000000083000000| Untracked 
|  49|0x0000000083100000, 0x0000000083100000, 0x0000000083200000|  0%| F|  |TAMS 0x0000000083100000, 0x0000000083100000| Untracked 
|  50|0x0000000083200000, 0x0000000083200000, 0x0000000083300000|  0%| F|  |TAMS 0x0000000083200000, 0x0000000083200000| Untracked 
|  51|0x0000000083300000, 0x0000000083300000, 0x0000000083400000|  0%| F|  |TAMS 0x0000000083300000, 0x0000000083300000| Untracked 
|  52|0x0000000083400000, 0x0000000083400000, 0x0000000083500000|  0%| F|  |TAMS 0x0000000083400000, 0x0000000083400000| Untracked 
|  53|0x0000000083500000, 0x0000000083500000, 0x0000000083600000|  0%| F|  |TAMS 0x0000000083500000, 0x0000000083500000| Untracked 
|  54|0x0000000083600000, 0x0000000083600000, 0x0000000083700000|  0%| F|  |TAMS 0x0000000083600000, 0x0000000083600000| Untracked 
|  55|0x0000000083700000, 0x0000000083700000, 0x0000000083800000|  0%| F|  |TAMS 0x0000000083700000, 0x0000000083700000| Untracked 
|  56|0x0000000083800000, 0x0000000083800000, 0x0000000083900000|  0%| F|  |TAMS 0x0000000083800000, 0x0000000083800000| Untracked 
|  57|0x0000000083900000, 0x0000000083900000, 0x0000000083a00000|  0%| F|  |TAMS 0x0000000083900000, 0x0000000083900000| Untracked 
|  58|0x0000000083a00000, 0x0000000083a00000, 0x0000000083b00000|  0%| F|  |TAMS 0x0000000083a00000, 0x0000000083a00000| Untracked 
|  59|0x0000000083b00000, 0x0000000083b00000, 0x0000000083c00000|  0%| F|  |TAMS 0x0000000083b00000, 0x0000000083b00000| Untracked 
|  60|0x0000000083c00000, 0x0000000083c00000, 0x0000000083d00000|  0%| F|  |TAMS 0x0000000083c00000, 0x0000000083c00000| Untracked 
|  61|0x0000000083d00000, 0x0000000083d00000, 0x0000000083e00000|  0%| F|  |TAMS 0x0000000083d00000, 0x0000000083d00000| Untracked 
|  62|0x0000000083e00000, 0x0000000083e00000, 0x0000000083f00000|  0%| F|  |TAMS 0x0000000083e00000, 0x0000000083e00000| Untracked 
|  63|0x0000000083f00000, 0x0000000083f00000, 0x0000000084000000|  0%| F|  |TAMS 0x0000000083f00000, 0x0000000083f00000| Untracked 
|  64|0x0000000084000000, 0x0000000084000000, 0x0000000084100000|  0%| F|  |TAMS 0x0000000084000000, 0x0000000084000000| Untracked 
|  65|0x0000000084100000, 0x0000000084100000, 0x0000000084200000|  0%| F|  |TAMS 0x0000000084100000, 0x0000000084100000| Untracked 
|  66|0x0000000084200000, 0x0000000084200000, 0x0000000084300000|  0%| F|  |TAMS 0x0000000084200000, 0x0000000084200000| Untracked 
|  67|0x0000000084300000, 0x0000000084300000, 0x0000000084400000|  0%| F|  |TAMS 0x0000000084300000, 0x0000000084300000| Untracked 
|  68|0x0000000084400000, 0x0000000084400000, 0x0000000084500000|  0%| F|  |TAMS 0x0000000084400000, 0x0000000084400000| Untracked 
|  69|0x0000000084500000, 0x0000000084500000, 0x0000000084600000|  0%| F|  |TAMS 0x0000000084500000, 0x0000000084500000| Untracked 
|  70|0x0000000084600000, 0x0000000084600000, 0x0000000084700000|  0%| F|  |TAMS 0x0000000084600000, 0x0000000084600000| Untracked 
|  71|0x0000000084700000, 0x0000000084700000, 0x0000000084800000|  0%| F|  |TAMS 0x0000000084700000, 0x0000000084700000| Untracked 
|  72|0x0000000084800000, 0x0000000084800000, 0x0000000084900000|  0%| F|  |TAMS 0x0000000084800000, 0x0000000084800000| Untracked 
|  73|0x0000000084900000, 0x0000000084900000, 0x0000000084a00000|  0%| F|  |TAMS 0x0000000084900000, 0x0000000084900000| Untracked 
|  74|0x0000000084a00000, 0x0000000084a00000, 0x0000000084b00000|  0%| F|  |TAMS 0x0000000084a00000, 0x0000000084a00000| Untracked 
|  75|0x0000000084b00000, 0x0000000084b00000, 0x0000000084c00000|  0%| F|  |TAMS 0x0000000084b00000, 0x0000000084b00000| Untracked 
|  76|0x0000000084c00000, 0x0000000084c00000, 0x0000000084d00000|  0%| F|  |TAMS 0x0000000084c00000, 0x0000000084c00000| Untracked 
|  77|0x0000000084d00000, 0x0000000084d00000, 0x0000000084e00000|  0%| F|  |TAMS 0x0000000084d00000, 0x0000000084d00000| Untracked 
|  78|0x0000000084e00000, 0x0000000084e00000, 0x0000000084f00000|  0%| F|  |TAMS 0x0000000084e00000, 0x0000000084e00000| Untracked 
|  79|0x0000000084f00000, 0x0000000084f00000, 0x0000000085000000|  0%| F|  |TAMS 0x0000000084f00000, 0x0000000084f00000| Untracked 
|  80|0x0000000085000000, 0x0000000085000000, 0x0000000085100000|  0%| F|  |TAMS 0x0000000085000000, 0x0000000085000000| Untracked 
|  81|0x0000000085100000, 0x0000000085100000, 0x0000000085200000|  0%| F|  |TAMS 0x0000000085100000, 0x0000000085100000| Untracked 
|  82|0x0000000085200000, 0x0000000085200000, 0x0000000085300000|  0%| F|  |TAMS 0x0000000085200000, 0x0000000085200000| Untracked 
|  83|0x0000000085300000, 0x0000000085300000, 0x0000000085400000|  0%| F|  |TAMS 0x0000000085300000, 0x0000000085300000| Untracked 
|  84|0x0000000085400000, 0x0000000085400000, 0x0000000085500000|  0%| F|  |TAMS 0x0000000085400000, 0x0000000085400000| Untracked 
|  85|0x0000000085500000, 0x0000000085500000, 0x0000000085600000|  0%| F|  |TAMS 0x0000000085500000, 0x0000000085500000| Untracked 
|  86|0x0000000085600000, 0x0000000085600000, 0x0000000085700000|  0%| F|  |TAMS 0x0000000085600000, 0x0000000085600000| Untracked 
|  87|0x0000000085700000, 0x0000000085700000, 0x0000000085800000|  0%| F|  |TAMS 0x0000000085700000, 0x0000000085700000| Untracked 
|  88|0x0000000085800000, 0x0000000085800000, 0x0000000085900000|  0%| F|  |TAMS 0x0000000085800000, 0x0000000085800000| Untracked 
|  89|0x0000000085900000, 0x0000000085900000, 0x0000000085a00000|  0%| F|  |TAMS 0x0000000085900000, 0x0000000085900000| Untracked 
|  90|0x0000000085a00000, 0x0000000085a00000, 0x0000000085b00000|  0%| F|  |TAMS 0x0000000085a00000, 0x0000000085a00000| Untracked 
|  91|0x0000000085b00000, 0x0000000085b00000, 0x0000000085c00000|  0%| F|  |TAMS 0x0000000085b00000, 0x0000000085b00000| Untracked 
|  92|0x0000000085c00000, 0x0000000085c00000, 0x0000000085d00000|  0%| F|  |TAMS 0x0000000085c00000, 0x0000000085c00000| Untracked 
|  93|0x0000000085d00000, 0x0000000085d00000, 0x0000000085e00000|  0%| F|  |TAMS 0x0000000085d00000, 0x0000000085d00000| Untracked 
|  94|0x0000000085e00000, 0x0000000085e00000, 0x0000000085f00000|  0%| F|  |TAMS 0x0000000085e00000, 0x0000000085e00000| Untracked 
|  95|0x0000000085f00000, 0x0000000085f00000, 0x0000000086000000|  0%| F|  |TAMS 0x0000000085f00000, 0x0000000085f00000| Untracked 
|  96|0x0000000086000000, 0x0000000086000000, 0x0000000086100000|  0%| F|  |TAMS 0x0000000086000000, 0x0000000086000000| Untracked 
|  97|0x0000000086100000, 0x0000000086100000, 0x0000000086200000|  0%| F|  |TAMS 0x0000000086100000, 0x0000000086100000| Untracked 
|  98|0x0000000086200000, 0x0000000086200000, 0x0000000086300000|  0%| F|  |TAMS 0x0000000086200000, 0x0000000086200000| Untracked 
|  99|0x0000000086300000, 0x0000000086300000, 0x0000000086400000|  0%| F|  |TAMS 0x0000000086300000, 0x0000000086300000| Untracked 
| 100|0x0000000086400000, 0x0000000086400000, 0x0000000086500000|  0%| F|  |TAMS 0x0000000086400000, 0x0000000086400000| Untracked 
| 101|0x0000000086500000, 0x0000000086500000, 0x0000000086600000|  0%| F|  |TAMS 0x0000000086500000, 0x0000000086500000| Untracked 
| 102|0x0000000086600000, 0x0000000086600000, 0x0000000086700000|  0%| F|  |TAMS 0x0000000086600000, 0x0000000086600000| Untracked 
| 103|0x0000000086700000, 0x0000000086700000, 0x0000000086800000|  0%| F|  |TAMS 0x0000000086700000, 0x0000000086700000| Untracked 
| 104|0x0000000086800000, 0x0000000086800000, 0x0000000086900000|  0%| F|  |TAMS 0x0000000086800000, 0x0000000086800000| Untracked 
| 105|0x0000000086900000, 0x0000000086900000, 0x0000000086a00000|  0%| F|  |TAMS 0x0000000086900000, 0x0000000086900000| Untracked 
| 106|0x0000000086a00000, 0x0000000086a00000, 0x0000000086b00000|  0%| F|  |TAMS 0x0000000086a00000, 0x0000000086a00000| Untracked 
| 107|0x0000000086b00000, 0x0000000086b00000, 0x0000000086c00000|  0%| F|  |TAMS 0x0000000086b00000, 0x0000000086b00000| Untracked 
| 108|0x0000000086c00000, 0x0000000086c00000, 0x0000000086d00000|  0%| F|  |TAMS 0x0000000086c00000, 0x0000000086c00000| Untracked 
| 109|0x0000000086d00000, 0x0000000086d00000, 0x0000000086e00000|  0%| F|  |TAMS 0x0000000086d00000, 0x0000000086d00000| Untracked 
| 110|0x0000000086e00000, 0x0000000086e00000, 0x0000000086f00000|  0%| F|  |TAMS 0x0000000086e00000, 0x0000000086e00000| Untracked 
| 111|0x0000000086f00000, 0x0000000086f00000, 0x0000000087000000|  0%| F|  |TAMS 0x0000000086f00000, 0x0000000086f00000| Untracked 
| 112|0x0000000087000000, 0x0000000087000000, 0x0000000087100000|  0%| F|  |TAMS 0x0000000087000000, 0x0000000087000000| Untracked 
| 113|0x0000000087100000, 0x0000000087100000, 0x0000000087200000|  0%| F|  |TAMS 0x0000000087100000, 0x0000000087100000| Untracked 
| 114|0x0000000087200000, 0x0000000087200000, 0x0000000087300000|  0%| F|  |TAMS 0x0000000087200000, 0x0000000087200000| Untracked 
| 115|0x0000000087300000, 0x0000000087300000, 0x0000000087400000|  0%| F|  |TAMS 0x0000000087300000, 0x0000000087300000| Untracked 
| 116|0x0000000087400000, 0x0000000087400000, 0x0000000087500000|  0%| F|  |TAMS 0x0000000087400000, 0x0000000087400000| Untracked 
| 117|0x0000000087500000, 0x0000000087500000, 0x0000000087600000|  0%| F|  |TAMS 0x0000000087500000, 0x0000000087500000| Untracked 
| 118|0x0000000087600000, 0x0000000087600000, 0x0000000087700000|  0%| F|  |TAMS 0x0000000087600000, 0x0000000087600000| Untracked 
| 119|0x0000000087700000, 0x0000000087700000, 0x0000000087800000|  0%| F|  |TAMS 0x0000000087700000, 0x0000000087700000| Untracked 
| 120|0x0000000087800000, 0x0000000087800000, 0x0000000087900000|  0%| F|  |TAMS 0x0000000087800000, 0x0000000087800000| Untracked 
| 121|0x0000000087900000, 0x0000000087900000, 0x0000000087a00000|  0%| F|  |TAMS 0x0000000087900000, 0x0000000087900000| Untracked 
| 122|0x0000000087a00000, 0x0000000087a00000, 0x0000000087b00000|  0%| F|  |TAMS 0x0000000087a00000, 0x0000000087a00000| Untracked 
| 123|0x0000000087b00000, 0x0000000087b00000, 0x0000000087c00000|  0%| F|  |TAMS 0x0000000087b00000, 0x0000000087b00000| Untracked 
| 124|0x0000000087c00000, 0x0000000087c00000, 0x0000000087d00000|  0%| F|  |TAMS 0x0000000087c00000, 0x0000000087c00000| Untracked 
| 125|0x0000000087d00000, 0x0000000087d00000, 0x0000000087e00000|  0%| F|  |TAMS 0x0000000087d00000, 0x0000000087d00000| Untracked 
| 126|0x0000000087e00000, 0x0000000087e00000, 0x0000000087f00000|  0%| F|  |TAMS 0x0000000087e00000, 0x0000000087e00000| Untracked 
| 127|0x0000000087f00000, 0x0000000087f00000, 0x0000000088000000|  0%| F|  |TAMS 0x0000000087f00000, 0x0000000087f00000| Untracked 
| 128|0x0000000088000000, 0x0000000088000000, 0x0000000088100000|  0%| F|  |TAMS 0x0000000088000000, 0x0000000088000000| Untracked 
| 129|0x0000000088100000, 0x0000000088100000, 0x0000000088200000|  0%| F|  |TAMS 0x0000000088100000, 0x0000000088100000| Untracked 
| 130|0x0000000088200000, 0x0000000088200000, 0x0000000088300000|  0%| F|  |TAMS 0x0000000088200000, 0x0000000088200000| Untracked 
| 131|0x0000000088300000, 0x0000000088300000, 0x0000000088400000|  0%| F|  |TAMS 0x0000000088300000, 0x0000000088300000| Untracked 
| 132|0x0000000088400000, 0x0000000088400000, 0x0000000088500000|  0%| F|  |TAMS 0x0000000088400000, 0x0000000088400000| Untracked 
| 133|0x0000000088500000, 0x0000000088500000, 0x0000000088600000|  0%| F|  |TAMS 0x0000000088500000, 0x0000000088500000| Untracked 
| 134|0x0000000088600000, 0x0000000088600000, 0x0000000088700000|  0%| F|  |TAMS 0x0000000088600000, 0x0000000088600000| Untracked 
| 135|0x0000000088700000, 0x0000000088700000, 0x0000000088800000|  0%| F|  |TAMS 0x0000000088700000, 0x0000000088700000| Untracked 
| 136|0x0000000088800000, 0x0000000088800000, 0x0000000088900000|  0%| F|  |TAMS 0x0000000088800000, 0x0000000088800000| Untracked 
| 137|0x0000000088900000, 0x0000000088900000, 0x0000000088a00000|  0%| F|  |TAMS 0x0000000088900000, 0x0000000088900000| Untracked 
| 138|0x0000000088a00000, 0x0000000088a00000, 0x0000000088b00000|  0%| F|  |TAMS 0x0000000088a00000, 0x0000000088a00000| Untracked 
| 139|0x0000000088b00000, 0x0000000088b00000, 0x0000000088c00000|  0%| F|  |TAMS 0x0000000088b00000, 0x0000000088b00000| Untracked 
| 140|0x0000000088c00000, 0x0000000088c00000, 0x0000000088d00000|  0%| F|  |TAMS 0x0000000088c00000, 0x0000000088c00000| Untracked 
| 141|0x0000000088d00000, 0x0000000088d00000, 0x0000000088e00000|  0%| F|  |TAMS 0x0000000088d00000, 0x0000000088d00000| Untracked 
| 142|0x0000000088e00000, 0x0000000088e00000, 0x0000000088f00000|  0%| F|  |TAMS 0x0000000088e00000, 0x0000000088e00000| Untracked 
| 143|0x0000000088f00000, 0x0000000088f00000, 0x0000000089000000|  0%| F|  |TAMS 0x0000000088f00000, 0x0000000088f00000| Untracked 
| 144|0x0000000089000000, 0x0000000089000000, 0x0000000089100000|  0%| F|  |TAMS 0x0000000089000000, 0x0000000089000000| Untracked 
| 145|0x0000000089100000, 0x0000000089100000, 0x0000000089200000|  0%| F|  |TAMS 0x0000000089100000, 0x0000000089100000| Untracked 
| 146|0x0000000089200000, 0x0000000089200000, 0x0000000089300000|  0%| F|  |TAMS 0x0000000089200000, 0x0000000089200000| Untracked 
| 147|0x0000000089300000, 0x0000000089300000, 0x0000000089400000|  0%| F|  |TAMS 0x0000000089300000, 0x0000000089300000| Untracked 
| 148|0x0000000089400000, 0x0000000089400000, 0x0000000089500000|  0%| F|  |TAMS 0x0000000089400000, 0x0000000089400000| Untracked 
| 149|0x0000000089500000, 0x0000000089500000, 0x0000000089600000|  0%| F|  |TAMS 0x0000000089500000, 0x0000000089500000| Untracked 
| 150|0x0000000089600000, 0x0000000089600000, 0x0000000089700000|  0%| F|  |TAMS 0x0000000089600000, 0x0000000089600000| Untracked 
| 151|0x0000000089700000, 0x0000000089700000, 0x0000000089800000|  0%| F|  |TAMS 0x0000000089700000, 0x0000000089700000| Untracked 
| 152|0x0000000089800000, 0x0000000089800000, 0x0000000089900000|  0%| F|  |TAMS 0x0000000089800000, 0x0000000089800000| Untracked 
| 153|0x0000000089900000, 0x0000000089900000, 0x0000000089a00000|  0%| F|  |TAMS 0x0000000089900000, 0x0000000089900000| Untracked 
| 154|0x0000000089a00000, 0x0000000089a00000, 0x0000000089b00000|  0%| F|  |TAMS 0x0000000089a00000, 0x0000000089a00000| Untracked 
| 155|0x0000000089b00000, 0x0000000089b00000, 0x0000000089c00000|  0%| F|  |TAMS 0x0000000089b00000, 0x0000000089b00000| Untracked 
| 156|0x0000000089c00000, 0x0000000089c00000, 0x0000000089d00000|  0%| F|  |TAMS 0x0000000089c00000, 0x0000000089c00000| Untracked 
| 157|0x0000000089d00000, 0x0000000089d00000, 0x0000000089e00000|  0%| F|  |TAMS 0x0000000089d00000, 0x0000000089d00000| Untracked 
| 158|0x0000000089e00000, 0x0000000089e00000, 0x0000000089f00000|  0%| F|  |TAMS 0x0000000089e00000, 0x0000000089e00000| Untracked 
| 159|0x0000000089f00000, 0x0000000089f00000, 0x000000008a000000|  0%| F|  |TAMS 0x0000000089f00000, 0x0000000089f00000| Untracked 
| 160|0x000000008a000000, 0x000000008a000000, 0x000000008a100000|  0%| F|  |TAMS 0x000000008a000000, 0x000000008a000000| Untracked 
| 161|0x000000008a100000, 0x000000008a100000, 0x000000008a200000|  0%| F|  |TAMS 0x000000008a100000, 0x000000008a100000| Untracked 
| 162|0x000000008a200000, 0x000000008a200000, 0x000000008a300000|  0%| F|  |TAMS 0x000000008a200000, 0x000000008a200000| Untracked 
| 163|0x000000008a300000, 0x000000008a373f20, 0x000000008a400000| 45%| S|CS|TAMS 0x000000008a300000, 0x000000008a300000| Complete 
| 164|0x000000008a400000, 0x000000008a500000, 0x000000008a500000|100%| S|CS|TAMS 0x000000008a400000, 0x000000008a400000| Complete 
| 165|0x000000008a500000, 0x000000008a600000, 0x000000008a600000|100%| S|CS|TAMS 0x000000008a500000, 0x000000008a500000| Complete 
| 166|0x000000008a600000, 0x000000008a700000, 0x000000008a700000|100%| S|CS|TAMS 0x000000008a600000, 0x000000008a600000| Complete 
| 167|0x000000008a700000, 0x000000008a800000, 0x000000008a800000|100%| S|CS|TAMS 0x000000008a700000, 0x000000008a700000| Complete 
| 168|0x000000008a800000, 0x000000008a900000, 0x000000008a900000|100%| S|CS|TAMS 0x000000008a800000, 0x000000008a800000| Complete 
| 169|0x000000008a900000, 0x000000008aa00000, 0x000000008aa00000|100%| S|CS|TAMS 0x000000008a900000, 0x000000008a900000| Complete 
| 170|0x000000008aa00000, 0x000000008ab00000, 0x000000008ab00000|100%| S|CS|TAMS 0x000000008aa00000, 0x000000008aa00000| Complete 
| 171|0x000000008ab00000, 0x000000008ac00000, 0x000000008ac00000|100%| S|CS|TAMS 0x000000008ab00000, 0x000000008ab00000| Complete 
| 172|0x000000008ac00000, 0x000000008ad00000, 0x000000008ad00000|100%| S|CS|TAMS 0x000000008ac00000, 0x000000008ac00000| Complete 
| 173|0x000000008ad00000, 0x000000008ae00000, 0x000000008ae00000|100%| S|CS|TAMS 0x000000008ad00000, 0x000000008ad00000| Complete 
| 174|0x000000008ae00000, 0x000000008ae00000, 0x000000008af00000|  0%| F|  |TAMS 0x000000008ae00000, 0x000000008ae00000| Untracked 
| 175|0x000000008af00000, 0x000000008af00000, 0x000000008b000000|  0%| F|  |TAMS 0x000000008af00000, 0x000000008af00000| Untracked 
| 176|0x000000008b000000, 0x000000008b000000, 0x000000008b100000|  0%| F|  |TAMS 0x000000008b000000, 0x000000008b000000| Untracked 
| 177|0x000000008b100000, 0x000000008b100000, 0x000000008b200000|  0%| F|  |TAMS 0x000000008b100000, 0x000000008b100000| Untracked 
| 178|0x000000008b200000, 0x000000008b200000, 0x000000008b300000|  0%| F|  |TAMS 0x000000008b200000, 0x000000008b200000| Untracked 
| 179|0x000000008b300000, 0x000000008b300000, 0x000000008b400000|  0%| F|  |TAMS 0x000000008b300000, 0x000000008b300000| Untracked 
| 180|0x000000008b400000, 0x000000008b400000, 0x000000008b500000|  0%| F|  |TAMS 0x000000008b400000, 0x000000008b400000| Untracked 
| 181|0x000000008b500000, 0x000000008b500000, 0x000000008b600000|  0%| F|  |TAMS 0x000000008b500000, 0x000000008b500000| Untracked 
| 182|0x000000008b600000, 0x000000008b600000, 0x000000008b700000|  0%| F|  |TAMS 0x000000008b600000, 0x000000008b600000| Untracked 
| 183|0x000000008b700000, 0x000000008b700000, 0x000000008b800000|  0%| F|  |TAMS 0x000000008b700000, 0x000000008b700000| Untracked 
| 184|0x000000008b800000, 0x000000008b800000, 0x000000008b900000|  0%| F|  |TAMS 0x000000008b800000, 0x000000008b800000| Untracked 
| 185|0x000000008b900000, 0x000000008b900000, 0x000000008ba00000|  0%| F|  |TAMS 0x000000008b900000, 0x000000008b900000| Untracked 
| 186|0x000000008ba00000, 0x000000008ba00000, 0x000000008bb00000|  0%| F|  |TAMS 0x000000008ba00000, 0x000000008ba00000| Untracked 
| 187|0x000000008bb00000, 0x000000008bb00000, 0x000000008bc00000|  0%| F|  |TAMS 0x000000008bb00000, 0x000000008bb00000| Untracked 
| 188|0x000000008bc00000, 0x000000008bc00000, 0x000000008bd00000|  0%| F|  |TAMS 0x000000008bc00000, 0x000000008bc00000| Untracked 
| 189|0x000000008bd00000, 0x000000008bd00000, 0x000000008be00000|  0%| F|  |TAMS 0x000000008bd00000, 0x000000008bd00000| Untracked 
| 190|0x000000008be00000, 0x000000008be00000, 0x000000008bf00000|  0%| F|  |TAMS 0x000000008be00000, 0x000000008be00000| Untracked 
| 191|0x000000008bf00000, 0x000000008bf00000, 0x000000008c000000|  0%| F|  |TAMS 0x000000008bf00000, 0x000000008bf00000| Untracked 
| 192|0x000000008c000000, 0x000000008c000000, 0x000000008c100000|  0%| F|  |TAMS 0x000000008c000000, 0x000000008c000000| Untracked 
| 193|0x000000008c100000, 0x000000008c100000, 0x000000008c200000|  0%| F|  |TAMS 0x000000008c100000, 0x000000008c100000| Untracked 
| 194|0x000000008c200000, 0x000000008c200000, 0x000000008c300000|  0%| F|  |TAMS 0x000000008c200000, 0x000000008c200000| Untracked 
| 195|0x000000008c300000, 0x000000008c300000, 0x000000008c400000|  0%| F|  |TAMS 0x000000008c300000, 0x000000008c300000| Untracked 
| 196|0x000000008c400000, 0x000000008c400000, 0x000000008c500000|  0%| F|  |TAMS 0x000000008c400000, 0x000000008c400000| Untracked 
| 197|0x000000008c500000, 0x000000008c500000, 0x000000008c600000|  0%| F|  |TAMS 0x000000008c500000, 0x000000008c500000| Untracked 
| 198|0x000000008c600000, 0x000000008c600000, 0x000000008c700000|  0%| F|  |TAMS 0x000000008c600000, 0x000000008c600000| Untracked 
| 199|0x000000008c700000, 0x000000008c700000, 0x000000008c800000|  0%| F|  |TAMS 0x000000008c700000, 0x000000008c700000| Untracked 
| 200|0x000000008c800000, 0x000000008c800000, 0x000000008c900000|  0%| F|  |TAMS 0x000000008c800000, 0x000000008c800000| Untracked 
| 201|0x000000008c900000, 0x000000008c900000, 0x000000008ca00000|  0%| F|  |TAMS 0x000000008c900000, 0x000000008c900000| Untracked 
| 202|0x000000008ca00000, 0x000000008ca00000, 0x000000008cb00000|  0%| F|  |TAMS 0x000000008ca00000, 0x000000008ca00000| Untracked 
| 203|0x000000008cb00000, 0x000000008cb00000, 0x000000008cc00000|  0%| F|  |TAMS 0x000000008cb00000, 0x000000008cb00000| Untracked 
| 204|0x000000008cc00000, 0x000000008cc00000, 0x000000008cd00000|  0%| F|  |TAMS 0x000000008cc00000, 0x000000008cc00000| Untracked 
| 205|0x000000008cd00000, 0x000000008cd00000, 0x000000008ce00000|  0%| F|  |TAMS 0x000000008cd00000, 0x000000008cd00000| Untracked 
| 206|0x000000008ce00000, 0x000000008ce00000, 0x000000008cf00000|  0%| F|  |TAMS 0x000000008ce00000, 0x000000008ce00000| Untracked 
| 207|0x000000008cf00000, 0x000000008cf00000, 0x000000008d000000|  0%| F|  |TAMS 0x000000008cf00000, 0x000000008cf00000| Untracked 
| 208|0x000000008d000000, 0x000000008d000000, 0x000000008d100000|  0%| F|  |TAMS 0x000000008d000000, 0x000000008d000000| Untracked 
| 209|0x000000008d100000, 0x000000008d100000, 0x000000008d200000|  0%| F|  |TAMS 0x000000008d100000, 0x000000008d100000| Untracked 
| 210|0x000000008d200000, 0x000000008d200000, 0x000000008d300000|  0%| F|  |TAMS 0x000000008d200000, 0x000000008d200000| Untracked 
| 211|0x000000008d300000, 0x000000008d300000, 0x000000008d400000|  0%| F|  |TAMS 0x000000008d300000, 0x000000008d300000| Untracked 
| 212|0x000000008d400000, 0x000000008d400000, 0x000000008d500000|  0%| F|  |TAMS 0x000000008d400000, 0x000000008d400000| Untracked 
| 213|0x000000008d500000, 0x000000008d500000, 0x000000008d600000|  0%| F|  |TAMS 0x000000008d500000, 0x000000008d500000| Untracked 
| 214|0x000000008d600000, 0x000000008d600000, 0x000000008d700000|  0%| F|  |TAMS 0x000000008d600000, 0x000000008d600000| Untracked 
| 215|0x000000008d700000, 0x000000008d700000, 0x000000008d800000|  0%| F|  |TAMS 0x000000008d700000, 0x000000008d700000| Untracked 
| 216|0x000000008d800000, 0x000000008d800000, 0x000000008d900000|  0%| F|  |TAMS 0x000000008d800000, 0x000000008d800000| Untracked 
| 217|0x000000008d900000, 0x000000008d900000, 0x000000008da00000|  0%| F|  |TAMS 0x000000008d900000, 0x000000008d900000| Untracked 
| 218|0x000000008da00000, 0x000000008da00000, 0x000000008db00000|  0%| F|  |TAMS 0x000000008da00000, 0x000000008da00000| Untracked 
| 219|0x000000008db00000, 0x000000008db00000, 0x000000008dc00000|  0%| F|  |TAMS 0x000000008db00000, 0x000000008db00000| Untracked 
| 220|0x000000008dc00000, 0x000000008dc00000, 0x000000008dd00000|  0%| F|  |TAMS 0x000000008dc00000, 0x000000008dc00000| Untracked 
| 221|0x000000008dd00000, 0x000000008dd00000, 0x000000008de00000|  0%| F|  |TAMS 0x000000008dd00000, 0x000000008dd00000| Untracked 
| 222|0x000000008de00000, 0x000000008de00000, 0x000000008df00000|  0%| F|  |TAMS 0x000000008de00000, 0x000000008de00000| Untracked 
| 223|0x000000008df00000, 0x000000008df00000, 0x000000008e000000|  0%| F|  |TAMS 0x000000008df00000, 0x000000008df00000| Untracked 
| 224|0x000000008e000000, 0x000000008e000000, 0x000000008e100000|  0%| F|  |TAMS 0x000000008e000000, 0x000000008e000000| Untracked 
| 225|0x000000008e100000, 0x000000008e100000, 0x000000008e200000|  0%| F|  |TAMS 0x000000008e100000, 0x000000008e100000| Untracked 
| 226|0x000000008e200000, 0x000000008e200000, 0x000000008e300000|  0%| F|  |TAMS 0x000000008e200000, 0x000000008e200000| Untracked 
| 227|0x000000008e300000, 0x000000008e300000, 0x000000008e400000|  0%| F|  |TAMS 0x000000008e300000, 0x000000008e300000| Untracked 
| 228|0x000000008e400000, 0x000000008e400000, 0x000000008e500000|  0%| F|  |TAMS 0x000000008e400000, 0x000000008e400000| Untracked 
| 229|0x000000008e500000, 0x000000008e500000, 0x000000008e600000|  0%| F|  |TAMS 0x000000008e500000, 0x000000008e500000| Untracked 
| 230|0x000000008e600000, 0x000000008e600000, 0x000000008e700000|  0%| F|  |TAMS 0x000000008e600000, 0x000000008e600000| Untracked 
| 231|0x000000008e700000, 0x000000008e700000, 0x000000008e800000|  0%| F|  |TAMS 0x000000008e700000, 0x000000008e700000| Untracked 
| 232|0x000000008e800000, 0x000000008e800000, 0x000000008e900000|  0%| F|  |TAMS 0x000000008e800000, 0x000000008e800000| Untracked 
| 233|0x000000008e900000, 0x000000008e937148, 0x000000008ea00000| 21%| E|  |TAMS 0x000000008e900000, 0x000000008e900000| Complete 
| 234|0x000000008ea00000, 0x000000008eb00000, 0x000000008eb00000|100%| E|CS|TAMS 0x000000008ea00000, 0x000000008ea00000| Complete 
| 235|0x000000008eb00000, 0x000000008ec00000, 0x000000008ec00000|100%| E|CS|TAMS 0x000000008eb00000, 0x000000008eb00000| Complete 
| 236|0x000000008ec00000, 0x000000008ed00000, 0x000000008ed00000|100%| E|CS|TAMS 0x000000008ec00000, 0x000000008ec00000| Complete 
| 237|0x000000008ed00000, 0x000000008ee00000, 0x000000008ee00000|100%| E|CS|TAMS 0x000000008ed00000, 0x000000008ed00000| Complete 
| 238|0x000000008ee00000, 0x000000008ef00000, 0x000000008ef00000|100%| E|CS|TAMS 0x000000008ee00000, 0x000000008ee00000| Complete 
| 239|0x000000008ef00000, 0x000000008f000000, 0x000000008f000000|100%| E|CS|TAMS 0x000000008ef00000, 0x000000008ef00000| Complete 
| 240|0x000000008f000000, 0x000000008f100000, 0x000000008f100000|100%| E|CS|TAMS 0x000000008f000000, 0x000000008f000000| Complete 
| 241|0x000000008f100000, 0x000000008f200000, 0x000000008f200000|100%| E|CS|TAMS 0x000000008f100000, 0x000000008f100000| Complete 
| 242|0x000000008f200000, 0x000000008f300000, 0x000000008f300000|100%| E|CS|TAMS 0x000000008f200000, 0x000000008f200000| Complete 
| 243|0x000000008f300000, 0x000000008f400000, 0x000000008f400000|100%| E|CS|TAMS 0x000000008f300000, 0x000000008f300000| Complete 
| 244|0x000000008f400000, 0x000000008f500000, 0x000000008f500000|100%| E|CS|TAMS 0x000000008f400000, 0x000000008f400000| Complete 
| 245|0x000000008f500000, 0x000000008f600000, 0x000000008f600000|100%| E|CS|TAMS 0x000000008f500000, 0x000000008f500000| Complete 
| 246|0x000000008f600000, 0x000000008f700000, 0x000000008f700000|100%| E|CS|TAMS 0x000000008f600000, 0x000000008f600000| Complete 
| 247|0x000000008f700000, 0x000000008f800000, 0x000000008f800000|100%| E|CS|TAMS 0x000000008f700000, 0x000000008f700000| Complete 
| 248|0x000000008f800000, 0x000000008f900000, 0x000000008f900000|100%| E|CS|TAMS 0x000000008f800000, 0x000000008f800000| Complete 
| 249|0x000000008f900000, 0x000000008fa00000, 0x000000008fa00000|100%| E|CS|TAMS 0x000000008f900000, 0x000000008f900000| Complete 
| 250|0x000000008fa00000, 0x000000008fb00000, 0x000000008fb00000|100%| E|CS|TAMS 0x000000008fa00000, 0x000000008fa00000| Complete 
| 251|0x000000008fb00000, 0x000000008fc00000, 0x000000008fc00000|100%| E|CS|TAMS 0x000000008fb00000, 0x000000008fb00000| Complete 
| 252|0x000000008fc00000, 0x000000008fd00000, 0x000000008fd00000|100%| E|CS|TAMS 0x000000008fc00000, 0x000000008fc00000| Complete 
| 253|0x000000008fd00000, 0x000000008fe00000, 0x000000008fe00000|100%| E|CS|TAMS 0x000000008fd00000, 0x000000008fd00000| Complete 
| 254|0x000000008fe00000, 0x000000008ff00000, 0x000000008ff00000|100%| E|CS|TAMS 0x000000008fe00000, 0x000000008fe00000| Complete 
| 255|0x000000008ff00000, 0x0000000090000000, 0x0000000090000000|100%| E|CS|TAMS 0x000000008ff00000, 0x000000008ff00000| Complete 

Card table byte_map: [0x00000232b3fe0000,0x00000232b43e0000] _byte_map_base: 0x00000232b3be0000

Marking Bits (Prev, Next): (CMBitMap*) 0x000002329f2f8388, (CMBitMap*) 0x000002329f2f83c0
 Prev Bits: [0x00000232b47e0000, 0x00000232b67e0000)
 Next Bits: [0x00000232b67e0000, 0x00000232b87e0000)

Polling page: 0x00000232a4590000

Metaspace:

Usage:
  Non-class:     18.07 MB capacity,    17.80 MB ( 99%) used,   237.53 KB (  1%) free+waste,    34.56 KB ( <1%) overhead. 
      Class:      2.59 MB capacity,     2.45 MB ( 95%) used,   121.54 KB (  5%) free+waste,    16.69 KB ( <1%) overhead. 
       Both:     20.66 MB capacity,    20.26 MB ( 98%) used,   359.07 KB (  2%) free+waste,    51.25 KB ( <1%) overhead. 

Virtual space:
  Non-class space:       20.00 MB reserved,      18.17 MB ( 91%) committed 
      Class space:        1.00 GB reserved,       2.62 MB ( <1%) committed 
             Both:        1.02 GB reserved,      20.80 MB (  2%) committed 

Chunk freelists:
   Non-Class:  58.00 KB
       Class:  5.00 KB
        Both:  63.00 KB

MaxMetaspaceSize: 17179869184.00 GB
CompressedClassSpaceSize: 1.00 GB
Initial GC threshold: 20.80 MB
Current GC threshold: 20.80 MB
CDS: off

CodeHeap 'non-profiled nmethods': size=120064Kb used=1051Kb max_used=1051Kb free=119012Kb
 bounds [0x00000232ac070000, 0x00000232ac2e0000, 0x00000232b35b0000]
CodeHeap 'profiled nmethods': size=120000Kb used=4225Kb max_used=4225Kb free=115775Kb
 bounds [0x00000232a4b40000, 0x00000232a4f70000, 0x00000232ac070000]
CodeHeap 'non-nmethods': size=5696Kb used=1206Kb max_used=1227Kb free=4490Kb
 bounds [0x00000232a45b0000, 0x00000232a4820000, 0x00000232a4b40000]
 total_blobs=2447 nmethods=1970 adapters=389
 compilation: enabled
              stopped_count=0, restarted_count=0
 full_count=0

Compilation events (20 events):
Event: 28.903 Thread 0x00000232bb705000 nmethod 1962 0x00000232a4f57590 code [0x00000232a4f577c0, 0x00000232a4f57d08]
Event: 28.903 Thread 0x00000232bb705000 1964       3       org.gradle.internal.service.DefaultServiceRegistry::find (142 bytes)
Event: 28.904 Thread 0x00000232bb700000 1969       4       java.util.Arrays::copyOf (40 bytes)
Event: 28.904 Thread 0x00000232bb705000 nmethod 1964 0x00000232a4f57f10 code [0x00000232a4f582c0, 0x00000232a4f59c28]
Event: 28.904 Thread 0x00000232bb705000 1967       3       java.util.regex.Pattern$BmpCharPropertyGreedy::match (89 bytes)
Event: 28.904 Thread 0x00000232bb705000 nmethod 1967 0x00000232a4f5a310 code [0x00000232a4f5a520, 0x00000232a4f5ab48]
Event: 28.905 Thread 0x00000232bb705000 1965       3       org.gradle.internal.service.DefaultServiceRegistry$OwnServices::getService (309 bytes)
Event: 28.906 Thread 0x00000232bb705000 nmethod 1965 0x00000232a4f5ad90 code [0x00000232a4f5b300, 0x00000232a4f5e288]
Event: 28.906 Thread 0x00000232bb705000 1963       3       java.lang.invoke.VarHandleObjects$FieldInstanceReadWrite::compareAndSet (38 bytes)
Event: 28.907 Thread 0x00000232bb705000 nmethod 1963 0x00000232a4f5f110 code [0x00000232a4f5f380, 0x00000232a4f5fce8]
Event: 28.907 Thread 0x00000232bb705000 1968       3       java.lang.String::subSequence (7 bytes)
Event: 28.907 Thread 0x00000232bb700000 nmethod 1969 0x00000232ac175e10 code [0x00000232ac175fc0, 0x00000232ac1763f8]
Event: 28.907 Thread 0x00000232bb705000 nmethod 1968 0x00000232a4f60090 code [0x00000232a4f60240, 0x00000232a4f60368]
Event: 28.907 Thread 0x00000232bb705000 1966       1       jdk.internal.reflect.DelegatingMethodAccessorImpl::setDelegate (6 bytes)
Event: 28.907 Thread 0x00000232bb705000 nmethod 1966 0x00000232ac176690 code [0x00000232ac176840, 0x00000232ac176938]
Event: 28.907 Thread 0x00000232bb705000 1971       1       jdk.internal.reflect.NativeMethodAccessorImpl::setParent (6 bytes)
Event: 28.908 Thread 0x00000232bb705000 nmethod 1971 0x00000232ac176990 code [0x00000232ac176b40, 0x00000232ac176c38]
Event: 28.908 Thread 0x00000232bb705000 1970       1       java.lang.reflect.Method::getMethodAccessor (5 bytes)
Event: 28.908 Thread 0x00000232bb705000 nmethod 1970 0x00000232ac176c90 code [0x00000232ac176e40, 0x00000232ac176ef8]
Event: 28.912 Thread 0x00000232bb700000 1972   !   4       java.lang.ClassLoader::loadClass (122 bytes)

GC Heap History (4 events):
Event: 9.011 GC heap before
{Heap before GC invocations=0 (full 0):
 garbage-first heap   total 262144K, used 16384K [0x0000000080000000, 0x0000000100000000)
  region size 1024K, 14 young (14336K), 0 survivors (0K)
 Metaspace       used 6755K, capacity 6993K, committed 7168K, reserved 1056768K
  class space    used 571K, capacity 650K, committed 768K, reserved 1048576K
}
Event: 9.047 GC heap after
{Heap after GC invocations=1 (full 0):
 garbage-first heap   total 262144K, used 4228K [0x0000000080000000, 0x0000000100000000)
  region size 1024K, 2 young (2048K), 2 survivors (2048K)
 Metaspace       used 6755K, capacity 6993K, committed 7168K, reserved 1056768K
  class space    used 571K, capacity 650K, committed 768K, reserved 1048576K
}
Event: 28.117 GC heap before
{Heap before GC invocations=1 (full 0):
 garbage-first heap   total 262144K, used 90244K [0x0000000080000000, 0x0000000100000000)
  region size 1024K, 82 young (83968K), 2 survivors (2048K)
 Metaspace       used 18242K, capacity 18639K, committed 18688K, reserved 1064960K
  class space    used 2135K, capacity 2283K, committed 2304K, reserved 1048576K
}
Event: 28.125 GC heap after
{Heap after GC invocations=2 (full 0):
 garbage-first heap   total 262144K, used 15956K [0x0000000080000000, 0x0000000100000000)
  region size 1024K, 11 young (11264K), 11 survivors (11264K)
 Metaspace       used 18242K, capacity 18639K, committed 18688K, reserved 1064960K
  class space    used 2135K, capacity 2283K, committed 2304K, reserved 1048576K
}

Deoptimization events (20 events):
Event: 28.420 Thread 0x00000232bcd24000 Uncommon trap: trap_request=0xffffff4d fr.pc=0x00000232ac08b660 relative=0x0000000000000a40
Event: 28.420 Thread 0x00000232bcd24000 Uncommon trap: reason=unstable_if action=reinterpret pc=0x00000232ac08b660 method=java.io.WinNTFileSystem.resolve(Ljava/lang/String;Ljava/lang/String;)Ljava/lang/String; @ 19 c2
Event: 28.420 Thread 0x00000232bcd24000 DEOPT PACKING pc=0x00000232ac08b660 sp=0x000000a7192fc890
Event: 28.420 Thread 0x00000232bcd24000 DEOPT UNPACKING pc=0x00000232a45fa1af sp=0x000000a7192fc828 mode 2
Event: 28.421 Thread 0x00000232bcd24000 Uncommon trap: trap_request=0xffffffc6 fr.pc=0x00000232ac0fe824 relative=0x0000000000000084
Event: 28.421 Thread 0x00000232bcd24000 Uncommon trap: reason=bimorphic_or_optimized_type_check action=maybe_recompile pc=0x00000232ac0fe824 method=java.util.AbstractList$Itr.hasNext()Z @ 8 c2
Event: 28.421 Thread 0x00000232bcd24000 DEOPT PACKING pc=0x00000232ac0fe824 sp=0x000000a7192fbd20
Event: 28.421 Thread 0x00000232bcd24000 DEOPT UNPACKING pc=0x00000232a45fa1af sp=0x000000a7192fbcb8 mode 2
Event: 28.421 Thread 0x00000232bcd24000 Uncommon trap: trap_request=0xffffffc6 fr.pc=0x00000232ac101954 relative=0x0000000000000114
Event: 28.421 Thread 0x00000232bcd24000 Uncommon trap: reason=bimorphic_or_optimized_type_check action=maybe_recompile pc=0x00000232ac101954 method=java.util.AbstractList$Itr.next()Ljava/lang/Object; @ 14 c2
Event: 28.421 Thread 0x00000232bcd24000 DEOPT PACKING pc=0x00000232ac101954 sp=0x000000a7192fbd10
Event: 28.421 Thread 0x00000232bcd24000 DEOPT UNPACKING pc=0x00000232a45fa1af sp=0x000000a7192fbca8 mode 2
Event: 28.421 Thread 0x00000232bcd24000 Uncommon trap: trap_request=0xffffff4d fr.pc=0x00000232ac0f1664 relative=0x00000000000005a4
Event: 28.421 Thread 0x00000232bcd24000 Uncommon trap: reason=unstable_if action=reinterpret pc=0x00000232ac0f1664 method=java.io.File.getName()Ljava/lang/String; @ 16 c2
Event: 28.421 Thread 0x00000232bcd24000 DEOPT PACKING pc=0x00000232ac0f1664 sp=0x000000a7192fc820
Event: 28.421 Thread 0x00000232bcd24000 DEOPT UNPACKING pc=0x00000232a45fa1af sp=0x000000a7192fc7f0 mode 2
Event: 28.421 Thread 0x00000232bcd24000 Uncommon trap: trap_request=0xffffff4d fr.pc=0x00000232ac0eb0ac relative=0x00000000000004ec
Event: 28.421 Thread 0x00000232bcd24000 Uncommon trap: reason=unstable_if action=reinterpret pc=0x00000232ac0eb0ac method=java.lang.String.substring(I)Ljava/lang/String; @ 34 c2
Event: 28.421 Thread 0x00000232bcd24000 DEOPT PACKING pc=0x00000232ac0eb0ac sp=0x000000a7192fc7a0
Event: 28.421 Thread 0x00000232bcd24000 DEOPT UNPACKING pc=0x00000232a45fa1af sp=0x000000a7192fc778 mode 2

Classes redefined (0 events):
No events

Internal exceptions (20 events):
Event: 0.291 Thread 0x000002329f2b6800 Exception <a 'java/lang/NoSuchMethodError'{0x000000008fd13030}: 'int java.lang.invoke.DirectMethodHandle$Holder.invokeStaticInit(java.lang.Object, java.lang.Object)'> (0x000000008fd13030) thrown at [src/hotspot/share/interpreter/linkResolver.cpp, line 773]
Event: 0.333 Thread 0x000002329f2b6800 Exception <a 'java/lang/NoSuchMethodError'{0x000000008fddd598}: 'int java.lang.invoke.DirectMethodHandle$Holder.invokeSpecial(java.lang.Object, java.lang.Object, java.lang.Object, java.lang.Object)'> (0x000000008fddd598) thrown at [src/hotspot/share/interpreter/linkResolver.cpp, line 773]
Event: 0.339 Thread 0x000002329f2b6800 Exception <a 'java/lang/NoSuchMethodError'{0x000000008fc14ea8}: 'int java.lang.invoke.DirectMethodHandle$Holder.invokeSpecialIFC(java.lang.Object, java.lang.Object, int)'> (0x000000008fc14ea8) thrown at [src/hotspot/share/interpreter/linkResolver.cpp, line 773]
Event: 10.109 Thread 0x000002329f2b6800 Exception <a 'java/lang/NoClassDefFoundError'{0x000000008fea4dd8}: org/slf4j/impl/StaticMarkerBinder> (0x000000008fea4dd8) thrown at [src/hotspot/share/classfile/systemDictionary.cpp, line 219]
Event: 10.244 Thread 0x000002329f2b6800 Exception <a 'java/lang/NoSuchMethodError'{0x000000008fbe4170}: 'java.lang.Object java.lang.invoke.DirectMethodHandle$Holder.invokeVirtual(java.lang.Object, java.lang.Object, java.lang.Object, java.lang.Object, java.lang.Object, java.lang.Object, java.lang.Object)'> (0x000000008fbe4170) thrown at [src/hotspot/share/interpreter/linkResolver.cpp, line 773]
Event: 10.255 Thread 0x000002329f2b6800 Exception <a 'java/lang/NoSuchMethodError'{0x000000008fbf8af8}: 'java.lang.Object java.lang.invoke.Invokers$Holder.invoker(java.lang.Object, java.lang.Object, java.lang.Object)'> (0x000000008fbf8af8) thrown at [src/hotspot/share/interpreter/linkResolver.cpp, line 773]
Event: 10.264 Thread 0x000002329f2b6800 Exception <a 'java/lang/NoSuchMethodError'{0x000000008fa0a030}: 'void java.lang.invoke.DelegatingMethodHandle$Holder.delegate(java.lang.Object, java.lang.Object, int, java.lang.Object)'> (0x000000008fa0a030) thrown at [src/hotspot/share/interpreter/linkResolver.cpp, line 773]
Event: 21.974 Thread 0x000002329f2b6800 Exception <a 'java/security/PrivilegedActionException'{0x000000008d7e10b8}> (0x000000008d7e10b8) thrown at [src/hotspot/share/prims/jvm.cpp, line 1306]
Event: 21.974 Thread 0x000002329f2b6800 Exception <a 'java/security/PrivilegedActionException'{0x000000008d7e1630}> (0x000000008d7e1630) thrown at [src/hotspot/share/prims/jvm.cpp, line 1306]
Event: 25.183 Thread 0x000002329f2b6800 Exception <a 'java/lang/NoSuchMethodError'{0x000000008c68c840}: 'java.lang.Object java.lang.invoke.DirectMethodHandle$Holder.invokeStaticInit(java.lang.Object, java.lang.Object, java.lang.Object)'> (0x000000008c68c840) thrown at [src/hotspot/share/interpreter/linkResolver.cpp, line 773]
Event: 25.486 Thread 0x000002329f2b6800 Exception <a 'java/lang/NoSuchMethodError'{0x000000008bf08080}: 'java.lang.Object java.lang.invoke.DirectMethodHandle$Holder.invokeStaticInit(java.lang.Object, int, int, int, int)'> (0x000000008bf08080) thrown at [src/hotspot/share/interpreter/linkResolver.cpp, line 773]
Event: 25.987 Thread 0x000002329f2b6800 Exception <a 'java/lang/NoSuchMethodError'{0x000000008bf685f8}: 'java.lang.Object java.lang.invoke.DirectMethodHandle$Holder.invokeStaticInit(java.lang.Object, java.lang.Object, int, int, int, int)'> (0x000000008bf685f8) thrown at [src/hotspot/share/interpreter/linkResolver.cpp, line 773]
Event: 27.272 Thread 0x000002329f2b6800 Exception <a 'java/io/IOException'{0x000000008bd2b0f0}> (0x000000008bd2b0f0) thrown at [src/hotspot/share/prims/jni.cpp, line 617]
Event: 27.878 Thread 0x00000232bcd24000 Exception <a 'java/lang/NoSuchMethodError'{0x000000008b6011c0}: 'long java.lang.invoke.DirectMethodHandle$Holder.invokeInterface(java.lang.Object, java.lang.Object)'> (0x000000008b6011c0) thrown at [src/hotspot/share/interpreter/linkResolver.cpp, line 773]
Event: 27.881 Thread 0x00000232bcd24000 Exception <a 'java/lang/NoSuchMethodError'{0x000000008b60e260}: 'void java.lang.invoke.DelegatingMethodHandle$Holder.reinvoke_L(java.lang.Object, java.lang.Object, java.lang.Object, java.lang.Object, java.lang.Object, java.lang.Object, java.lang.Object)'> (0x000000008b60e260) thrown at [src/hotspot/share/interpreter/linkResolver.cpp, line 773]
Event: 28.072 Thread 0x00000232bcd24000 Exception <a 'java/lang/NoSuchMethodError'{0x000000008afd86a8}: 'void java.lang.invoke.DirectMethodHandle$Holder.invokeStaticInit(java.lang.Object)'> (0x000000008afd86a8) thrown at [src/hotspot/share/interpreter/linkResolver.cpp, line 773]
Event: 28.094 Thread 0x00000232bcd24000 Exception <a 'java/lang/NoSuchMethodError'{0x000000008ae91558}: 'java.lang.Object java.lang.invoke.DirectMethodHandle$Holder.invokeStatic(java.lang.Object, java.lang.Object, java.lang.Object, int)'> (0x000000008ae91558) thrown at [src/hotspot/share/interpreter/linkResolver.cpp, line 773]
Event: 28.094 Thread 0x00000232bcd24000 Exception <a 'java/lang/NoSuchMethodError'{0x000000008ae95720}: 'java.lang.Object java.lang.invoke.DirectMethodHandle$Holder.invokeSpecial(java.lang.Object, java.lang.Object, java.lang.Object, java.lang.Object, int)'> (0x000000008ae95720) thrown at [src/hotspot/share/interpreter/linkResolver.cpp, line 773]
Event: 28.095 Thread 0x00000232bcd24000 Exception <a 'java/lang/NoSuchMethodError'{0x000000008ae99108}: 'java.lang.Object java.lang.invoke.Invokers$Holder.linkToTargetMethod(java.lang.Object, java.lang.Object, int, java.lang.Object)'> (0x000000008ae99108) thrown at [src/hotspot/share/interpreter/linkResolver.cpp, line 773]
Event: 28.530 Thread 0x00000232bcd24000 Exception <a 'java/lang/NoSuchMethodError'{0x000000008f7f9eb8}: 'java.lang.Object java.lang.invoke.Invokers$Holder.linkToTargetMethod(java.lang.Object, java.lang.Object, java.lang.Object, java.lang.Object, java.lang.Object, java.lang.Object)'> (0x000000008f7f9eb8) thrown at [src/hotspot/share/interpreter/linkResolver.cpp, line 773]

Events (20 events):
Event: 28.916 loading class org/gradle/internal/hash/HashCode$HashCode128
Event: 28.916 loading class org/gradle/internal/hash/HashCode$HashCode128 done
Event: 28.916 loading class org/gradle/internal/hash/HashCode$ByteArrayBackedHashCode
Event: 28.916 loading class org/gradle/internal/hash/HashCode$ByteArrayBackedHashCode done
Event: 28.917 loading class com/google/common/collect/Interners
Event: 28.917 loading class com/google/common/collect/Interners done
Event: 28.918 loading class com/google/common/collect/Interners$InternerBuilder
Event: 28.918 loading class com/google/common/collect/Interners$InternerBuilder done
Event: 28.918 loading class com/google/common/collect/MapMaker
Event: 28.918 loading class com/google/common/collect/MapMaker done
Event: 28.919 loading class com/google/common/collect/MapMakerInternalMap$Strength
Event: 28.919 loading class com/google/common/collect/MapMakerInternalMap$Strength done
Event: 28.919 loading class com/google/common/collect/MapMakerInternalMap$Strength$1
Event: 28.919 loading class com/google/common/collect/MapMakerInternalMap$Strength$1 done
Event: 28.920 loading class com/google/common/collect/MapMakerInternalMap$Strength$2
Event: 28.920 loading class com/google/common/collect/MapMakerInternalMap$Strength$2 done
Event: 28.920 loading class com/google/common/collect/Interners$InternerImpl
Event: 28.920 loading class com/google/common/collect/Interners$InternerImpl done
Event: 28.921 loading class com/google/common/collect/MapMakerInternalMap
Event: 28.921 loading class com/google/common/collect/MapMakerInternalMap done


Dynamic libraries:
0x00007ff789b40000 - 0x00007ff789b4a000 	D:\Android Studio 2022\jbr\bin\java.exe
0x00007ffa83310000 - 0x00007ffa83508000 	C:\Windows\SYSTEM32\ntdll.dll
0x00007ffa82e80000 - 0x00007ffa82f3f000 	C:\Windows\System32\KERNEL32.DLL
0x00007ffa80bc0000 - 0x00007ffa80e92000 	C:\Windows\System32\KERNELBASE.dll
0x00007ffa81bf0000 - 0x00007ffa81c9e000 	C:\Windows\System32\ADVAPI32.DLL
0x00007ffa81d00000 - 0x00007ffa81d9e000 	C:\Windows\System32\msvcrt.dll
0x00007ffa831b0000 - 0x00007ffa8324c000 	C:\Windows\System32\sechost.dll
0x00007ffa81360000 - 0x00007ffa81484000 	C:\Windows\System32\RPCRT4.dll
0x00007ffa80ac0000 - 0x00007ffa80bc0000 	C:\Windows\System32\ucrtbase.dll
0x00007ffa608a0000 - 0x00007ffa608b7000 	D:\Android Studio 2022\jbr\bin\jli.dll
0x00007ffa82cd0000 - 0x00007ffa82e71000 	C:\Windows\System32\USER32.dll
0x00007ffa631e0000 - 0x00007ffa631fb000 	D:\Android Studio 2022\jbr\bin\VCRUNTIME140.dll
0x00007ffa81000000 - 0x00007ffa81022000 	C:\Windows\System32\win32u.dll
0x00007ffa814a0000 - 0x00007ffa814cb000 	C:\Windows\System32\GDI32.dll
0x00007ffa810c0000 - 0x00007ffa811cf000 	C:\Windows\System32\gdi32full.dll
0x00007ffa80f60000 - 0x00007ffa80ffd000 	C:\Windows\System32\msvcp_win.dll
0x00007ffa74df0000 - 0x00007ffa7508a000 	C:\Windows\WinSxS\amd64_microsoft.windows.common-controls_6595b64144ccf1df_6.0.19041.1110_none_60b5254171f9507e\COMCTL32.dll
0x00007ffa81da0000 - 0x00007ffa81dd0000 	C:\Windows\System32\IMM32.DLL
0x00007ffa65240000 - 0x00007ffa6524c000 	D:\Android Studio 2022\jbr\bin\vcruntime140_1.dll
0x00007ffa40b60000 - 0x00007ffa40bed000 	D:\Android Studio 2022\jbr\bin\msvcp140.dll
0x00007ff9fdb00000 - 0x00007ff9fe6bc000 	D:\Android Studio 2022\jbr\bin\server\jvm.dll
0x00007ffa832c0000 - 0x00007ffa832c8000 	C:\Windows\System32\PSAPI.DLL
0x00007ffa7a750000 - 0x00007ffa7a75a000 	C:\Windows\SYSTEM32\VERSION.dll
0x00007ffa75e90000 - 0x00007ffa75eb7000 	C:\Windows\SYSTEM32\WINMM.dll
0x00007ffa4e310000 - 0x00007ffa4e319000 	C:\Windows\SYSTEM32\WSOCK32.dll
0x00007ffa83250000 - 0x00007ffa832bb000 	C:\Windows\System32\WS2_32.dll
0x00007ffa7e8b0000 - 0x00007ffa7e8c2000 	C:\Windows\SYSTEM32\kernel.appcore.dll
0x00007ffa6a060000 - 0x00007ffa6a070000 	D:\Android Studio 2022\jbr\bin\verify.dll
0x00007ffa79780000 - 0x00007ffa79964000 	C:\Windows\SYSTEM32\DBGHELP.DLL
0x00007ffa6e0d0000 - 0x00007ffa6e105000 	C:\Windows\SYSTEM32\dbgcore.DLL
0x00007ffa81030000 - 0x00007ffa810b2000 	C:\Windows\System32\bcryptPrimitives.dll
0x00007ffa68d60000 - 0x00007ffa68d88000 	D:\Android Studio 2022\jbr\bin\java.dll
0x00007ffa6a050000 - 0x00007ffa6a05a000 	D:\Android Studio 2022\jbr\bin\jimage.dll
0x00007ffa69ff0000 - 0x00007ffa6a008000 	D:\Android Studio 2022\jbr\bin\zip.dll
0x00007ffa820b0000 - 0x00007ffa827f5000 	C:\Windows\System32\SHELL32.dll
0x00007ffa7eab0000 - 0x00007ffa7f242000 	C:\Windows\SYSTEM32\windows.storage.dll
0x00007ffa82970000 - 0x00007ffa82cc5000 	C:\Windows\System32\combase.dll
0x00007ffa80390000 - 0x00007ffa803c0000 	C:\Windows\SYSTEM32\Wldp.dll
0x00007ffa81dd0000 - 0x00007ffa81e7d000 	C:\Windows\System32\SHCORE.dll
0x00007ffa82890000 - 0x00007ffa828e5000 	C:\Windows\System32\shlwapi.dll
0x00007ffa80950000 - 0x00007ffa8096f000 	C:\Windows\SYSTEM32\profapi.dll
0x00007ffa69520000 - 0x00007ffa69539000 	D:\Android Studio 2022\jbr\bin\net.dll
0x00007ffa7a3b0000 - 0x00007ffa7a4ba000 	C:\Windows\SYSTEM32\WINHTTP.dll
0x00007ffa80170000 - 0x00007ffa801da000 	C:\Windows\system32\mswsock.dll
0x00007ffa68ff0000 - 0x00007ffa69003000 	D:\Android Studio 2022\jbr\bin\nio.dll
0x00007ffa69690000 - 0x00007ffa696b7000 	D:\Emulator\native\e1d6ef7f7dcc3fd88c89a11ec53ec762bb8ba0a96d01ffa2cd45eb1d1d8dd5c5\windows-amd64\native-platform.dll
0x00007ffa22f40000 - 0x00007ffa23084000 	D:\Emulator\native\0d407fdbe67a94daf76414ababcb853783967236a71b16ec16e742cd7a986fd3\windows-amd64\native-platform-file-events.dll
0x00007ffa69680000 - 0x00007ffa6968a000 	D:\Android Studio 2022\jbr\bin\management.dll
0x00007ffa69090000 - 0x00007ffa6909b000 	D:\Android Studio 2022\jbr\bin\management_ext.dll
0x00007ffa803d0000 - 0x00007ffa803e8000 	C:\Windows\SYSTEM32\CRYPTSP.dll
0x00007ffa7fa40000 - 0x00007ffa7fa74000 	C:\Windows\system32\rsaenh.dll
0x00007ffa81330000 - 0x00007ffa81357000 	C:\Windows\System32\bcrypt.dll
0x00007ffa80910000 - 0x00007ffa8093e000 	C:\Windows\SYSTEM32\USERENV.dll
0x00007ffa80300000 - 0x00007ffa8030c000 	C:\Windows\SYSTEM32\CRYPTBASE.dll
0x00007ffa7fe30000 - 0x00007ffa7fe6b000 	C:\Windows\SYSTEM32\IPHLPAPI.DLL
0x00007ffa83140000 - 0x00007ffa83148000 	C:\Windows\System32\NSI.dll
0x00007ffa7acf0000 - 0x00007ffa7ad07000 	C:\Windows\SYSTEM32\dhcpcsvc6.DLL
0x00007ffa7acd0000 - 0x00007ffa7aced000 	C:\Windows\SYSTEM32\dhcpcsvc.DLL
0x00007ffa7fe80000 - 0x00007ffa7ff4b000 	C:\Windows\SYSTEM32\DNSAPI.dll

dbghelp: loaded successfully - version: 4.0.5 - missing functions: none
symbol engine: initialized successfully - sym options: 0x614 - pdb path: .;D:\Android Studio 2022\jbr\bin;C:\Windows\SYSTEM32;C:\Windows\WinSxS\amd64_microsoft.windows.common-controls_6595b64144ccf1df_6.0.19041.1110_none_60b5254171f9507e;D:\Android Studio 2022\jbr\bin\server;D:\Emulator\native\e1d6ef7f7dcc3fd88c89a11ec53ec762bb8ba0a96d01ffa2cd45eb1d1d8dd5c5\windows-amd64;D:\Emulator\native\0d407fdbe67a94daf76414ababcb853783967236a71b16ec16e742cd7a986fd3\windows-amd64

VM Arguments:
jvm_args: --add-opens=java.base/java.util=ALL-UNNAMED --add-opens=java.base/java.lang=ALL-UNNAMED --add-opens=java.base/java.lang.invoke=ALL-UNNAMED --add-opens=java.base/java.util=ALL-UNNAMED --add-opens=java.prefs/java.util.prefs=ALL-UNNAMED --add-opens=java.prefs/java.util.prefs=ALL-UNNAMED --add-opens=java.base/java.nio.charset=ALL-UNNAMED --add-opens=java.base/java.net=ALL-UNNAMED --add-opens=java.base/java.util.concurrent.atomic=ALL-UNNAMED -Xmx2048m -Dfile.encoding=UTF-8 -Duser.country=US -Duser.language=en -Duser.variant 
java_command: org.gradle.launcher.daemon.bootstrap.GradleDaemon 7.5
java_class_path (initial): D:\Emulator\wrapper\dists\gradle-7.5-bin\f1w0cc9nuo0eivz97x2xlu9sv\gradle-7.5\lib\gradle-launcher-7.5.jar
Launcher Type: SUN_STANDARD

[Global flags]
     intx CICompilerCount                          = 3                                         {product} {ergonomic}
     uint ConcGCThreads                            = 1                                         {product} {ergonomic}
     uint G1ConcRefinementThreads                  = 4                                         {product} {ergonomic}
   size_t G1HeapRegionSize                         = 1048576                                   {product} {ergonomic}
    uintx GCDrainStackTargetSize                   = 64                                        {product} {ergonomic}
   size_t InitialHeapSize                          = 268435456                                 {product} {ergonomic}
   size_t MarkStackSize                            = 4194304                                   {product} {ergonomic}
   size_t MaxHeapSize                              = 2147483648                                {product} {command line}
   size_t MaxNewSize                               = 1287651328                                {product} {ergonomic}
   size_t MinHeapDeltaBytes                        = 1048576                                   {product} {ergonomic}
    uintx NonNMethodCodeHeapSize                   = 5830732                                {pd product} {ergonomic}
    uintx NonProfiledCodeHeapSize                  = 122913754                              {pd product} {ergonomic}
    uintx ProfiledCodeHeapSize                     = 122913754                              {pd product} {ergonomic}
    uintx ReservedCodeCacheSize                    = 251658240                              {pd product} {ergonomic}
     bool SegmentedCodeCache                       = true                                      {product} {ergonomic}
     bool UseCompressedClassPointers               = true                                 {lp64_product} {ergonomic}
     bool UseCompressedOops                        = true                                 {lp64_product} {ergonomic}
     bool UseG1GC                                  = true                                      {product} {ergonomic}
     bool UseLargePagesIndividualAllocation        = false                                  {pd product} {ergonomic}

Logging:
Log output configuration:
 #0: stdout all=warning uptime,level,tags
 #1: stderr all=off uptime,level,tags

Environment Variables:
JAVA_HOME=C:\Program Files\Java\jdk-17.0.2
PATH=C:\Program Files\Common Files\Oracle\Java\javapath;C:\Program Files (x86)\Common Files\Oracle\Java\javapath;C:\ProgramData\Oracle\Java\javapath;C:\Windows\system32;C:\Windows;C:\Windows\System32\Wbem;C:\Windows\System32\WindowsPowerShell\v1.0\;C:\Windows\System32\OpenSSH\;C:\Program Files\Git\cmd;C:\Program Files\dotnet\;C:\Program Files\Microsoft SQL Server\Client SDK\ODBC\170\Tools\Binn\;C:\Program Files (x86)\Microsoft SQL Server\150\Tools\Binn\;C:\Program Files\Microsoft SQL Server\150\Tools\Binn\;C:\Program Files\Microsoft SQL Server\150\DTS\Binn\;C:\Program Files (x86)\Microsoft SQL Server\150\DTS\Binn\;C:\Program Files\Azure Data Studio\bin;C:\Program Files\PuTTY\;C:\Program Files\NVIDIA Corporation\NVIDIA NvDLISR;C:\Program Files (x86)\NVIDIA Corporation\PhysX\Common;C:\Program Files\Microsoft SQL Server\130\Tools\Binn\;D:\Node js\;C:\Program Files\Go\bin;C:\Users\Evertz Hamilton\AppData\Local\Programs\Python\Python310\Scripts\;C:\Users\Evertz Hamilton\AppData\Local\Programs\Python\Python310\;C:\Program Files\MySQL\MySQL Shell 8.0\bin\;C:\Users\Evertz Hamilton\AppData\Local\Microsoft\WindowsApps;C:\Users\Evertz Hamilton\.dotnet\tools;C:\Program Files\Azure Data Studio\bin;C:\Users\Evertz Hamilton\AppData\Local\atom\bin;C:\Users\Evertz Hamilton\.dotnet\tools;D:\PyCharm 2022.1.3\bin;;D:\PyCharm Community Edition 2022.1.3\bin;;D:\Microsoft VS Code\bin;C:\Users\Evertz Hamilton\AppData\Roaming\npm;C:\Program Files\MongoDB\Server\5.0\bin;C:\Users\Evertz Hamilton\go;;D:\IntelliJ IDEA Community Edition 2022.3.2\bin;
USERNAME=Evertz Hamilton
OS=Windows_NT
PROCESSOR_IDENTIFIER=AMD64 Family 23 Model 24 Stepping 1, AuthenticAMD



---------------  S Y S T E M  ---------------

OS: Windows 10 , 64 bit Build 19041 (10.0.19041.2546)
OS uptime: 0 days 17:45 hours
Hyper-V role detected

CPU:total 4 (initial active 4) (4 cores per cpu, 1 threads per core) family 23 model 24 stepping 1 microcode 0x0, cmov, cx8, fxsr, mmx, sse, sse2, sse3, ssse3, sse4.1, sse4.2, popcnt, avx, avx2, aes, clmul, mmxext, 3dnowpref, lzcnt, sse4a, tsc, tscinvbit, tscinv, bmi1, bmi2, adx, sha, fma

Memory: 4k page, system-wide physical 16325M (660M free)
TotalPageFile size 29049M (AvailPageFile size 10M)
current process WorkingSet (physical memory assigned to process): 193M, peak: 193M
current process commit charge ("private bytes"): 386M, peak: 388M

vm_info: OpenJDK 64-Bit Server VM (11.0.15+0-b2043.56-9505619) for windows-amd64 JRE (11.0.15+0-b2043.56-9505619), built on Jan 19 2023 02:48:00 by "builduser" with unknown MS VC++:1929

END.
